0	1	mikroCPIC1618.exe -MSF -DBG -pP16F887 -DL -O11111114 -fo8 -N"C:\Users\kevin\Downloads\ProyectoMICRO\ProyectoFinalPIC2.mcppi" -SP"C:\Users\Public\Documents\Mikroelektronika\mikroC PRO for PIC\Defs\" -SP"C:\Users\Public\Documents\Mikroelektronika\mikroC PRO for PIC\Uses\P16\" -SP"C:\Users\kevin\Downloads\ProyectoMICRO\" "ProyectoFinalPIC2.c" "__Lib_Math.mcl" "__Lib_MathDouble.mcl" "__Lib_System.mcl" "__Lib_Delays.mcl" "__Lib_CType.mcl" "__Lib_CString.mcl" "__Lib_CStdlib.mcl" "__Lib_CMath.mcl" "__Lib_MemManager.mcl" "__Lib_Conversions.mcl" "__Lib_Sprinti.mcl" "__Lib_Sprintl.mcl" "__Lib_Time.mcl" "__Lib_Trigonometry.mcl" "__Lib_Button.mcl" "__Lib_Keypad4x4.mcl" "__Lib_Manchester.mcl" "__Lib_OneWire.mcl" "__Lib_PS2.mcl" "__Lib_Sound.mcl" "__Lib_SoftI2C.mcl" "__Lib_SoftSPI.mcl" "__Lib_SoftUART.mcl" "__Lib_ADC_88X.mcl" "__Lib_EEPROM.mcl" "__Lib_FLASH_RW.mcl" "__Lib_I2C_c34.mcl" "__Lib_PWM_c21.mcl" "__Lib_SPI_c345.mcl" "__Lib_UART_c67.mcl" "__Lib_PortExpander.mcl" "__Lib_CANSPI.mcl" "__Lib_CF.mcl" "__Lib_GlcdFonts.mcl" "__Lib_Glcd.mcl" "__Lib_LcdConsts.mcl" "__Lib_Lcd.mcl" "__Lib_RS485.mcl" "__Lib_S1D13700.mcl" "__Lib_T6963C.mcl" "__Lib_SPIGlcd.mcl" "__Lib_SPILcd.mcl" "__Lib_SPILcd8.mcl" "__Lib_SPIT6963C.mcl" "__Lib_EthEnc28j60.mcl" "__Lib_EthEnc24j600.mcl" "__Lib_TouchPanel.mcl"	 
hint: 0	1139	Available RAM: 352 [bytes], Available ROM: 8192 [bytes]	 
diagnostics: 0	122	Compilation Started	ProyectoFinalPIC2.c
warning: 5	1509	Generated baud rate is 9615 bps (error = 0.16 percent)	ProyectoFinalPIC2.c
hint: 31	1163	Variable 'p' has been declared, but not used	ProyectoFinalPIC2.c
diagnostics: 177	123	Compiled Successfully	ProyectoFinalPIC2.c
hint: 19	1164	Variable 'valor' has been eliminated by optimizer	ProyectoFinalPIC2.c
hint: 33	1164	Variable 'ctrlz' has been eliminated by optimizer	ProyectoFinalPIC2.c
hint: 36	1164	Variable 'flag1' has been eliminated by optimizer	ProyectoFinalPIC2.c
hint: 37	1164	Variable 'cont' has been eliminated by optimizer	ProyectoFinalPIC2.c
hint: 38	1164	Variable 'flag2' has been eliminated by optimizer	ProyectoFinalPIC2.c
hint: 39	1164	Variable 'flag3' has been eliminated by optimizer	ProyectoFinalPIC2.c
hint: 41	1164	Variable 'carne' has been eliminated by optimizer	ProyectoFinalPIC2.c
diagnostics: 0	127	All files Compiled in 46 ms	 
hint: 0	1144	Used RAM (bytes): 131 (37%)  Free RAM (bytes): 221 (63%)	Used RAM (bytes): 131 (37%)  Free RAM (bytes): 221 (63%)
hint: 0	1144	Used ROM (program words): 2767 (34%)  Free ROM (program words): 5425 (66%)	Used ROM (program words): 2767 (34%)  Free ROM (program words): 5425 (66%)
diagnostics: 0	125	Project Linked Successfully	ProyectoFinalPIC2.mcppi
diagnostics: 0	128	Linked in 141 ms	 
diagnostics: 0	129	Project 'ProyectoFinalPIC2.mcppi' completed: 234 ms	 
diagnostics: 0	103	Finished successfully: 14 sep 2016, 19:10:32	ProyectoFinalPIC2.mcppi
