;  LST file generated by mikroListExporter - v.2.0 
; Date/Time: 12/9/2016 15:41:23
;----------------------------------------------

;Address Opcode 	ASM
0x0000	0x2A52      	GOTO       594
_Delay_1us:
;__Lib_Delays.c,7 :: 		void Delay_1us() {
;__Lib_Delays.c,8 :: 		Delay_us(1);
0x0003	0x0000      	NOP
0x0004	0x0000      	NOP
;__Lib_Delays.c,9 :: 		}
L_end_Delay_1us:
0x0005	0x0008      	RETURN
; end of _Delay_1us
_Delay_5500us:
;__Lib_Delays.c,31 :: 		void Delay_5500us() {
;__Lib_Delays.c,32 :: 		Delay_us(5500);
0x0006	0x300F      	MOVLW      15
0x0007	0x1283      	BCF        STATUS, 5
0x0008	0x1303      	BCF        STATUS, 6
0x0009	0x00FC      	MOVWF      R12
0x000A	0x3047      	MOVLW      71
0x000B	0x00FD      	MOVWF      R13
L_Delay_5500us5:
0x000C	0x0BFD      	DECFSZ     R13, 1
0x000D	0x280C      	GOTO       L_Delay_5500us5
0x000E	0x0BFC      	DECFSZ     R12, 1
0x000F	0x280C      	GOTO       L_Delay_5500us5
0x0010	0x0000      	NOP
0x0011	0x0000      	NOP
;__Lib_Delays.c,33 :: 		}
L_end_Delay_5500us:
0x0012	0x0008      	RETURN
; end of _Delay_5500us
_Delay_50us:
;__Lib_Delays.c,19 :: 		void Delay_50us() {
;__Lib_Delays.c,20 :: 		Delay_us(50);
0x0013	0x3021      	MOVLW      33
0x0014	0x1283      	BCF        STATUS, 5
0x0015	0x1303      	BCF        STATUS, 6
0x0016	0x00FD      	MOVWF      R13
L_Delay_50us2:
0x0017	0x0BFD      	DECFSZ     R13, 1
0x0018	0x2817      	GOTO       L_Delay_50us2
;__Lib_Delays.c,21 :: 		}
L_end_Delay_50us:
0x0019	0x0008      	RETURN
; end of _Delay_50us
_Lcd_Cmd:
;__Lib_Lcd.c,18 :: 		
;__Lib_Lcd.c,20 :: 		
0x001A	0x1683      	BSF        STATUS, 5
0x001B	0x1303      	BCF        STATUS, 6
0x001C	0x1BAA      	BTFSC      FARG_Lcd_Cmd_out_char, 7
0x001D	0x2821      	GOTO       L__Lcd_Cmd21
0x001E	0x1283      	BCF        STATUS, 5
0x001F	0x1186      	BCF        LCD_D7, BitPos(LCD_D7+0)
0x0020	0x2823      	GOTO       L__Lcd_Cmd22
L__Lcd_Cmd21:
0x0021	0x1283      	BCF        STATUS, 5
0x0022	0x1586      	BSF        LCD_D7, BitPos(LCD_D7+0)
L__Lcd_Cmd22:
;__Lib_Lcd.c,21 :: 		
0x0023	0x1683      	BSF        STATUS, 5
0x0024	0x1B2A      	BTFSC      FARG_Lcd_Cmd_out_char, 6
0x0025	0x2829      	GOTO       L__Lcd_Cmd23
0x0026	0x1283      	BCF        STATUS, 5
0x0027	0x1106      	BCF        LCD_D6, BitPos(LCD_D6+0)
0x0028	0x282B      	GOTO       L__Lcd_Cmd24
L__Lcd_Cmd23:
0x0029	0x1283      	BCF        STATUS, 5
0x002A	0x1506      	BSF        LCD_D6, BitPos(LCD_D6+0)
L__Lcd_Cmd24:
;__Lib_Lcd.c,22 :: 		
0x002B	0x1683      	BSF        STATUS, 5
0x002C	0x1AAA      	BTFSC      FARG_Lcd_Cmd_out_char, 5
0x002D	0x2831      	GOTO       L__Lcd_Cmd25
0x002E	0x1283      	BCF        STATUS, 5
0x002F	0x1086      	BCF        LCD_D5, BitPos(LCD_D5+0)
0x0030	0x2833      	GOTO       L__Lcd_Cmd26
L__Lcd_Cmd25:
0x0031	0x1283      	BCF        STATUS, 5
0x0032	0x1486      	BSF        LCD_D5, BitPos(LCD_D5+0)
L__Lcd_Cmd26:
;__Lib_Lcd.c,23 :: 		
0x0033	0x1683      	BSF        STATUS, 5
0x0034	0x1A2A      	BTFSC      FARG_Lcd_Cmd_out_char, 4
0x0035	0x2839      	GOTO       L__Lcd_Cmd27
0x0036	0x1283      	BCF        STATUS, 5
0x0037	0x1006      	BCF        LCD_D4, BitPos(LCD_D4+0)
0x0038	0x283B      	GOTO       L__Lcd_Cmd28
L__Lcd_Cmd27:
0x0039	0x1283      	BCF        STATUS, 5
0x003A	0x1406      	BSF        LCD_D4, BitPos(LCD_D4+0)
L__Lcd_Cmd28:
;__Lib_Lcd.c,25 :: 		
0x003B	0x185B      	BTFSC      __Lib_Lcd_cmd_status, BitPos(__Lib_Lcd_cmd_status+0)
0x003C	0x283F      	GOTO       L__Lcd_Cmd29
0x003D	0x1606      	BSF        LCD_RS, BitPos(LCD_RS+0)
0x003E	0x2840      	GOTO       L__Lcd_Cmd30
L__Lcd_Cmd29:
0x003F	0x1206      	BCF        LCD_RS, BitPos(LCD_RS+0)
L__Lcd_Cmd30:
;__Lib_Lcd.c,28 :: 		
0x0040	0x1686      	BSF        LCD_EN, BitPos(LCD_EN+0)
;__Lib_Lcd.c,29 :: 		
0x0041	0x2003      	CALL       _Delay_1us
;__Lib_Lcd.c,30 :: 		
0x0042	0x1286      	BCF        LCD_EN, BitPos(LCD_EN+0)
;__Lib_Lcd.c,33 :: 		
0x0043	0x1683      	BSF        STATUS, 5
0x0044	0x19AA      	BTFSC      FARG_Lcd_Cmd_out_char, 3
0x0045	0x2849      	GOTO       L__Lcd_Cmd31
0x0046	0x1283      	BCF        STATUS, 5
0x0047	0x1186      	BCF        LCD_D7, BitPos(LCD_D7+0)
0x0048	0x284B      	GOTO       L__Lcd_Cmd32
L__Lcd_Cmd31:
0x0049	0x1283      	BCF        STATUS, 5
0x004A	0x1586      	BSF        LCD_D7, BitPos(LCD_D7+0)
L__Lcd_Cmd32:
;__Lib_Lcd.c,34 :: 		
0x004B	0x1683      	BSF        STATUS, 5
0x004C	0x192A      	BTFSC      FARG_Lcd_Cmd_out_char, 2
0x004D	0x2851      	GOTO       L__Lcd_Cmd33
0x004E	0x1283      	BCF        STATUS, 5
0x004F	0x1106      	BCF        LCD_D6, BitPos(LCD_D6+0)
0x0050	0x2853      	GOTO       L__Lcd_Cmd34
L__Lcd_Cmd33:
0x0051	0x1283      	BCF        STATUS, 5
0x0052	0x1506      	BSF        LCD_D6, BitPos(LCD_D6+0)
L__Lcd_Cmd34:
;__Lib_Lcd.c,35 :: 		
0x0053	0x1683      	BSF        STATUS, 5
0x0054	0x18AA      	BTFSC      FARG_Lcd_Cmd_out_char, 1
0x0055	0x2859      	GOTO       L__Lcd_Cmd35
0x0056	0x1283      	BCF        STATUS, 5
0x0057	0x1086      	BCF        LCD_D5, BitPos(LCD_D5+0)
0x0058	0x285B      	GOTO       L__Lcd_Cmd36
L__Lcd_Cmd35:
0x0059	0x1283      	BCF        STATUS, 5
0x005A	0x1486      	BSF        LCD_D5, BitPos(LCD_D5+0)
L__Lcd_Cmd36:
;__Lib_Lcd.c,36 :: 		
0x005B	0x1683      	BSF        STATUS, 5
0x005C	0x182A      	BTFSC      FARG_Lcd_Cmd_out_char, 0
0x005D	0x2861      	GOTO       L__Lcd_Cmd37
0x005E	0x1283      	BCF        STATUS, 5
0x005F	0x1006      	BCF        LCD_D4, BitPos(LCD_D4+0)
0x0060	0x2863      	GOTO       L__Lcd_Cmd38
L__Lcd_Cmd37:
0x0061	0x1283      	BCF        STATUS, 5
0x0062	0x1406      	BSF        LCD_D4, BitPos(LCD_D4+0)
L__Lcd_Cmd38:
;__Lib_Lcd.c,38 :: 		
0x0063	0x185B      	BTFSC      __Lib_Lcd_cmd_status, BitPos(__Lib_Lcd_cmd_status+0)
0x0064	0x2867      	GOTO       L__Lcd_Cmd39
0x0065	0x1606      	BSF        LCD_RS, BitPos(LCD_RS+0)
0x0066	0x2868      	GOTO       L__Lcd_Cmd40
L__Lcd_Cmd39:
0x0067	0x1206      	BCF        LCD_RS, BitPos(LCD_RS+0)
L__Lcd_Cmd40:
;__Lib_Lcd.c,40 :: 		
0x0068	0x1686      	BSF        LCD_EN, BitPos(LCD_EN+0)
;__Lib_Lcd.c,41 :: 		
0x0069	0x2003      	CALL       _Delay_1us
;__Lib_Lcd.c,42 :: 		
0x006A	0x1286      	BCF        LCD_EN, BitPos(LCD_EN+0)
;__Lib_Lcd.c,44 :: 		
0x006B	0x1C5B      	BTFSS      __Lib_Lcd_cmd_status, BitPos(__Lib_Lcd_cmd_status+0)
0x006C	0x286F      	GOTO       L_Lcd_Cmd0
;__Lib_Lcd.c,45 :: 		
0x006D	0x2006      	CALL       _Delay_5500us
0x006E	0x2870      	GOTO       L_Lcd_Cmd1
L_Lcd_Cmd0:
;__Lib_Lcd.c,47 :: 		
0x006F	0x2013      	CALL       _Delay_50us
L_Lcd_Cmd1:
;__Lib_Lcd.c,48 :: 		
L_end_Lcd_Cmd:
0x0070	0x0008      	RETURN
; end of _Lcd_Cmd
_____DoICP:
;__Lib_System.c,6 :: 		
;__Lib_System.c,9 :: 		
0x0071	0x1283      	BCF        STATUS, 5
0x0072	0x1303      	BCF        STATUS, 6
0x0073	0x085D      	MOVF       ___DoICPAddr+1, 0
0x0074	0x008A      	MOVWF      PCLATH
;__Lib_System.c,10 :: 		
0x0075	0x085C      	MOVF       ___DoICPAddr, 0
0x0076	0x0082      	MOVWF      PCL
;__Lib_System.c,12 :: 		
L_end_____DoICP:
0x0077	0x0008      	RETURN
; end of _____DoICP
_Delay_22us:
;__Lib_Delays.c,15 :: 		void Delay_22us() {
;__Lib_Delays.c,16 :: 		Delay_us(22);
0x0078	0x300E      	MOVLW      14
0x0079	0x1283      	BCF        STATUS, 5
0x007A	0x1303      	BCF        STATUS, 6
0x007B	0x00FD      	MOVWF      R13
L_Delay_22us1:
0x007C	0x0BFD      	DECFSZ     R13, 1
0x007D	0x287C      	GOTO       L_Delay_22us1
0x007E	0x0000      	NOP
;__Lib_Delays.c,17 :: 		}
L_end_Delay_22us:
0x007F	0x0008      	RETURN
; end of _Delay_22us
_strlen:
;__Lib_CString.c,136 :: 		
;__Lib_CString.c,139 :: 		
0x0080	0x1683      	BSF        STATUS, 5
0x0081	0x1303      	BCF        STATUS, 6
0x0082	0x0829      	MOVF       FARG_strlen_s, 0
0x0083	0x00F2      	MOVWF      R2
;__Lib_CString.c,140 :: 		
L_strlen36:
0x0084	0x0872      	MOVF       R2, 0
0x0085	0x00F0      	MOVWF      R0
0x0086	0x0AF2      	INCF       R2, 1
0x0087	0x0870      	MOVF       R0, 0
0x0088	0x0084      	MOVWF      FSR
0x0089	0x0800      	MOVF       INDF, 0
0x008A	0x1903      	BTFSC      STATUS, 2
0x008B	0x288D      	GOTO       L_strlen37
;__Lib_CString.c,141 :: 		
0x008C	0x2884      	GOTO       L_strlen36
L_strlen37:
;__Lib_CString.c,142 :: 		
0x008D	0x0829      	MOVF       FARG_strlen_s, 0
0x008E	0x0272      	SUBWF      R2, 0
0x008F	0x00F0      	MOVWF      R0
0x0090	0x3001      	MOVLW      1
0x0091	0x02F0      	SUBWF      R0, 1
0x0092	0x01F1      	CLRF       R0+1
0x0093	0x1C03      	BTFSS      STATUS, 0
0x0094	0x03F1      	DECF       R0+1, 1
;__Lib_CString.c,143 :: 		
L_end_strlen:
0x0095	0x0008      	RETURN
; end of _strlen
_Div_8X8_U:
;__Lib_Math.c,189 :: 		
;__Lib_Math.c,196 :: 		
0x0096	0x1283      	BCF        STATUS, 5
;__Lib_Math.c,197 :: 		
0x0097	0x1303      	BCF        STATUS, 6
;__Lib_Math.c,198 :: 		
0x0098	0x01F8      	CLRF       R8
;__Lib_Math.c,199 :: 		
0x0099	0x3008      	MOVLW      8
;__Lib_Math.c,200 :: 		
0x009A	0x00FC      	MOVWF      R12
;__Lib_Math.c,201 :: 		
0x009B	0x0D70      	RLF        R0, 0
;__Lib_Math.c,202 :: 		
0x009C	0x0DF8      	RLF        R8, 1
;__Lib_Math.c,203 :: 		
0x009D	0x0874      	MOVF       R4, 0
;__Lib_Math.c,204 :: 		
0x009E	0x02F8      	SUBWF      R8, 1
;__Lib_Math.c,205 :: 		
0x009F	0x1803      	BTFSC      STATUS, 0
;__Lib_Math.c,206 :: 		
0x00A0	0x28A3      	GOTO       $+3
;__Lib_Math.c,207 :: 		
0x00A1	0x07F8      	ADDWF      R8, 1
;__Lib_Math.c,208 :: 		
0x00A2	0x1003      	BCF        STATUS, 0
;__Lib_Math.c,209 :: 		
0x00A3	0x0DF0      	RLF        R0, 1
;__Lib_Math.c,210 :: 		
0x00A4	0x0BFC      	DECFSZ     R12, 1
;__Lib_Math.c,211 :: 		
0x00A5	0x289B      	GOTO       $-10
;__Lib_Math.c,213 :: 		
L_end_Div_8X8_U:
0x00A6	0x0008      	RETURN
; end of _Div_8X8_U
_UART1_Write:
;__Lib_UART_c67.c,39 :: 		
;__Lib_UART_c67.c,40 :: 		
L_UART1_Write3:
0x00A7	0x1683      	BSF        STATUS, 5
0x00A8	0x1303      	BCF        STATUS, 6
0x00A9	0x1898      	BTFSC      TXSTA, 1
0x00AA	0x28AD      	GOTO       L_UART1_Write4
;__Lib_UART_c67.c,41 :: 		
0x00AB	0x0000      	NOP
0x00AC	0x28A7      	GOTO       L_UART1_Write3
L_UART1_Write4:
;__Lib_UART_c67.c,42 :: 		
0x00AD	0x0829      	MOVF       FARG_UART1_Write_data_, 0
0x00AE	0x1283      	BCF        STATUS, 5
0x00AF	0x0099      	MOVWF      TXREG
;__Lib_UART_c67.c,43 :: 		
L_end_UART1_Write:
0x00B0	0x0008      	RETURN
; end of _UART1_Write
_Lcd_Chr_CP:
;__Lib_Lcd.c,50 :: 		
;__Lib_Lcd.c,52 :: 		
0x00B1	0x1283      	BCF        STATUS, 5
0x00B2	0x1303      	BCF        STATUS, 6
0x00B3	0x105B      	BCF        __Lib_Lcd_cmd_status, BitPos(__Lib_Lcd_cmd_status+0)
;__Lib_Lcd.c,53 :: 		
0x00B4	0x1683      	BSF        STATUS, 5
0x00B5	0x0829      	MOVF       FARG_Lcd_Chr_CP_out_char, 0
0x00B6	0x00AA      	MOVWF      FARG_Lcd_Cmd_out_char
0x00B7	0x201A      	CALL       _Lcd_Cmd
;__Lib_Lcd.c,54 :: 		
0x00B8	0x145B      	BSF        __Lib_Lcd_cmd_status, BitPos(__Lib_Lcd_cmd_status+0)
;__Lib_Lcd.c,55 :: 		
L_end_Lcd_Chr_CP:
0x00B9	0x0008      	RETURN
; end of _Lcd_Chr_CP
_ByteToStr:
;__Lib_Conversions.c,66 :: 		
;__Lib_Conversions.c,69 :: 		
0x00BA	0x1683      	BSF        STATUS, 5
0x00BB	0x1303      	BCF        STATUS, 6
0x00BC	0x01A6      	CLRF       ByteToStr_DigitPos_L0
L_ByteToStr0:
0x00BD	0x3003      	MOVLW      3
0x00BE	0x0226      	SUBWF      ByteToStr_DigitPos_L0, 0
0x00BF	0x1803      	BTFSC      STATUS, 0
0x00C0	0x28C8      	GOTO       L_ByteToStr1
;__Lib_Conversions.c,70 :: 		
0x00C1	0x0826      	MOVF       ByteToStr_DigitPos_L0, 0
0x00C2	0x0725      	ADDWF      FARG_ByteToStr_output, 0
0x00C3	0x0084      	MOVWF      FSR
0x00C4	0x3020      	MOVLW      32
0x00C5	0x0080      	MOVWF      INDF
;__Lib_Conversions.c,69 :: 		
0x00C6	0x0AA6      	INCF       ByteToStr_DigitPos_L0, 1
;__Lib_Conversions.c,70 :: 		
0x00C7	0x28BD      	GOTO       L_ByteToStr0
L_ByteToStr1:
;__Lib_Conversions.c,72 :: 		
0x00C8	0x0826      	MOVF       ByteToStr_DigitPos_L0, 0
0x00C9	0x0725      	ADDWF      FARG_ByteToStr_output, 0
0x00CA	0x0084      	MOVWF      FSR
0x00CB	0x0180      	CLRF       INDF
0x00CC	0x03A6      	DECF       ByteToStr_DigitPos_L0, 1
;__Lib_Conversions.c,74 :: 		
L_ByteToStr3:
;__Lib_Conversions.c,75 :: 		
0x00CD	0x0826      	MOVF       ByteToStr_DigitPos_L0, 0
0x00CE	0x0725      	ADDWF      FARG_ByteToStr_output, 0
0x00CF	0x00A7      	MOVWF      FLOC__ByteToStr
0x00D0	0x300A      	MOVLW      10
0x00D1	0x00F4      	MOVWF      R4
0x00D2	0x0824      	MOVF       FARG_ByteToStr_input, 0
0x00D3	0x00F0      	MOVWF      R0
0x00D4	0x2096      	CALL       _Div_8X8_U
0x00D5	0x0878      	MOVF       R8, 0
0x00D6	0x00F0      	MOVWF      R0
0x00D7	0x3030      	MOVLW      48
0x00D8	0x07F0      	ADDWF      R0, 1
0x00D9	0x1683      	BSF        STATUS, 5
0x00DA	0x0827      	MOVF       FLOC__ByteToStr, 0
0x00DB	0x0084      	MOVWF      FSR
0x00DC	0x0870      	MOVF       R0, 0
0x00DD	0x0080      	MOVWF      INDF
;__Lib_Conversions.c,76 :: 		
0x00DE	0x300A      	MOVLW      10
0x00DF	0x00F4      	MOVWF      R4
0x00E0	0x0824      	MOVF       FARG_ByteToStr_input, 0
0x00E1	0x00F0      	MOVWF      R0
0x00E2	0x2096      	CALL       _Div_8X8_U
0x00E3	0x0870      	MOVF       R0, 0
0x00E4	0x1683      	BSF        STATUS, 5
0x00E5	0x00A4      	MOVWF      FARG_ByteToStr_input
;__Lib_Conversions.c,77 :: 		
0x00E6	0x0870      	MOVF       R0, 0
0x00E7	0x3A00      	XORLW      0
0x00E8	0x1D03      	BTFSS      STATUS, 2
0x00E9	0x28EB      	GOTO       L_ByteToStr5
;__Lib_Conversions.c,78 :: 		
0x00EA	0x28ED      	GOTO       L_ByteToStr4
L_ByteToStr5:
;__Lib_Conversions.c,79 :: 		
0x00EB	0x03A6      	DECF       ByteToStr_DigitPos_L0, 1
;__Lib_Conversions.c,80 :: 		
0x00EC	0x28CD      	GOTO       L_ByteToStr3
L_ByteToStr4:
;__Lib_Conversions.c,81 :: 		
L_end_ByteToStr:
0x00ED	0x0008      	RETURN
; end of _ByteToStr
_Lcd_Out:
;__Lib_Lcd.c,184 :: 		
;__Lib_Lcd.c,187 :: 		
0x00EE	0x2900      	GOTO       L_Lcd_Out11
;__Lib_Lcd.c,188 :: 		
L_Lcd_Out13:
0x00EF	0x3080      	MOVLW      128
0x00F0	0x1683      	BSF        STATUS, 5
0x00F1	0x1303      	BCF        STATUS, 6
0x00F2	0x00A4      	MOVWF      FARG_Lcd_Out_row
0x00F3	0x2913      	GOTO       L_Lcd_Out12
;__Lib_Lcd.c,189 :: 		
L_Lcd_Out14:
0x00F4	0x30C0      	MOVLW      192
0x00F5	0x00A4      	MOVWF      FARG_Lcd_Out_row
0x00F6	0x2913      	GOTO       L_Lcd_Out12
;__Lib_Lcd.c,190 :: 		
L_Lcd_Out15:
0x00F7	0x3094      	MOVLW      148
0x00F8	0x00A4      	MOVWF      FARG_Lcd_Out_row
0x00F9	0x2913      	GOTO       L_Lcd_Out12
;__Lib_Lcd.c,191 :: 		
L_Lcd_Out16:
0x00FA	0x30D4      	MOVLW      212
0x00FB	0x00A4      	MOVWF      FARG_Lcd_Out_row
0x00FC	0x2913      	GOTO       L_Lcd_Out12
;__Lib_Lcd.c,192 :: 		
L_Lcd_Out17:
0x00FD	0x3080      	MOVLW      128
0x00FE	0x00A4      	MOVWF      FARG_Lcd_Out_row
;__Lib_Lcd.c,193 :: 		
0x00FF	0x2913      	GOTO       L_Lcd_Out12
L_Lcd_Out11:
0x0100	0x1683      	BSF        STATUS, 5
0x0101	0x1303      	BCF        STATUS, 6
0x0102	0x0824      	MOVF       FARG_Lcd_Out_row, 0
0x0103	0x3A01      	XORLW      1
0x0104	0x1903      	BTFSC      STATUS, 2
0x0105	0x28EF      	GOTO       L_Lcd_Out13
0x0106	0x0824      	MOVF       FARG_Lcd_Out_row, 0
0x0107	0x3A02      	XORLW      2
0x0108	0x1903      	BTFSC      STATUS, 2
0x0109	0x28F4      	GOTO       L_Lcd_Out14
0x010A	0x0824      	MOVF       FARG_Lcd_Out_row, 0
0x010B	0x3A03      	XORLW      3
0x010C	0x1903      	BTFSC      STATUS, 2
0x010D	0x28F7      	GOTO       L_Lcd_Out15
0x010E	0x0824      	MOVF       FARG_Lcd_Out_row, 0
0x010F	0x3A04      	XORLW      4
0x0110	0x1903      	BTFSC      STATUS, 2
0x0111	0x28FA      	GOTO       L_Lcd_Out16
0x0112	0x28FD      	GOTO       L_Lcd_Out17
L_Lcd_Out12:
;__Lib_Lcd.c,194 :: 		
0x0113	0x0325      	DECF       FARG_Lcd_Out_column, 0
0x0114	0x00F0      	MOVWF      R0
0x0115	0x0824      	MOVF       FARG_Lcd_Out_row, 0
0x0116	0x07F0      	ADDWF      R0, 1
0x0117	0x0870      	MOVF       R0, 0
0x0118	0x00A4      	MOVWF      FARG_Lcd_Out_row
;__Lib_Lcd.c,196 :: 		
0x0119	0x0870      	MOVF       R0, 0
0x011A	0x00AA      	MOVWF      FARG_Lcd_Cmd_out_char
0x011B	0x201A      	CALL       _Lcd_Cmd
;__Lib_Lcd.c,197 :: 		
0x011C	0x105B      	BCF        __Lib_Lcd_cmd_status, BitPos(__Lib_Lcd_cmd_status+0)
;__Lib_Lcd.c,198 :: 		
0x011D	0x1683      	BSF        STATUS, 5
0x011E	0x01A7      	CLRF       Lcd_Out_i_L0
;__Lib_Lcd.c,199 :: 		
L_Lcd_Out18:
0x011F	0x0827      	MOVF       Lcd_Out_i_L0, 0
0x0120	0x0726      	ADDWF      FARG_Lcd_Out_text, 0
0x0121	0x0084      	MOVWF      FSR
0x0122	0x0800      	MOVF       INDF, 0
0x0123	0x1903      	BTFSC      STATUS, 2
0x0124	0x292E      	GOTO       L_Lcd_Out19
;__Lib_Lcd.c,200 :: 		
0x0125	0x0827      	MOVF       Lcd_Out_i_L0, 0
0x0126	0x0726      	ADDWF      FARG_Lcd_Out_text, 0
0x0127	0x0084      	MOVWF      FSR
0x0128	0x0800      	MOVF       INDF, 0
0x0129	0x00A9      	MOVWF      FARG_Lcd_Chr_CP_out_char
0x012A	0x20B1      	CALL       _Lcd_Chr_CP
0x012B	0x1683      	BSF        STATUS, 5
0x012C	0x0AA7      	INCF       Lcd_Out_i_L0, 1
0x012D	0x291F      	GOTO       L_Lcd_Out18
L_Lcd_Out19:
;__Lib_Lcd.c,201 :: 		
0x012E	0x1283      	BCF        STATUS, 5
0x012F	0x145B      	BSF        __Lib_Lcd_cmd_status, BitPos(__Lib_Lcd_cmd_status+0)
;__Lib_Lcd.c,202 :: 		
L_end_Lcd_Out:
0x0130	0x0008      	RETURN
; end of _Lcd_Out
_Delay_1sec:
;__Lib_Delays.c,55 :: 		void Delay_1sec() {
;__Lib_Delays.c,56 :: 		Delay_ms(1000);
0x0131	0x300B      	MOVLW      11
0x0132	0x1283      	BCF        STATUS, 5
0x0133	0x1303      	BCF        STATUS, 6
0x0134	0x00FB      	MOVWF      R11
0x0135	0x3026      	MOVLW      38
0x0136	0x00FC      	MOVWF      R12
0x0137	0x305D      	MOVLW      93
0x0138	0x00FD      	MOVWF      R13
L_Delay_1sec11:
0x0139	0x0BFD      	DECFSZ     R13, 1
0x013A	0x2939      	GOTO       L_Delay_1sec11
0x013B	0x0BFC      	DECFSZ     R12, 1
0x013C	0x2939      	GOTO       L_Delay_1sec11
0x013D	0x0BFB      	DECFSZ     R11, 1
0x013E	0x2939      	GOTO       L_Delay_1sec11
0x013F	0x0000      	NOP
0x0140	0x0000      	NOP
;__Lib_Delays.c,57 :: 		}
L_end_Delay_1sec:
0x0141	0x0008      	RETURN
; end of _Delay_1sec
_Mul_16X16_U:
;__Lib_Math.c,136 :: 		
;__Lib_Math.c,143 :: 		
0x0142	0x1283      	BCF        STATUS, 5
;__Lib_Math.c,144 :: 		
0x0143	0x1303      	BCF        STATUS, 6
;__Lib_Math.c,145 :: 		
0x0144	0x01FB      	CLRF       R11
;__Lib_Math.c,146 :: 		
0x0145	0x01FA      	CLRF       R10
;__Lib_Math.c,147 :: 		
0x0146	0x01F9      	CLRF       R9
;__Lib_Math.c,148 :: 		
0x0147	0x3080      	MOVLW      128
;__Lib_Math.c,149 :: 		
0x0148	0x00F8      	MOVWF      R8
;__Lib_Math.c,150 :: 		
0x0149	0x0CF1      	RRF        R1, 1
;__Lib_Math.c,151 :: 		
0x014A	0x0CF0      	RRF        R0, 1
;__Lib_Math.c,152 :: 		
0x014B	0x1C03      	BTFSS      STATUS, 0
;__Lib_Math.c,153 :: 		
0x014C	0x2956      	GOTO       $+10
;__Lib_Math.c,154 :: 		
0x014D	0x0874      	MOVF       R4, 0
;__Lib_Math.c,155 :: 		
0x014E	0x07F9      	ADDWF      R9, 1
;__Lib_Math.c,156 :: 		
0x014F	0x0875      	MOVF       R5, 0
;__Lib_Math.c,157 :: 		
0x0150	0x1803      	BTFSC      STATUS, 0
;__Lib_Math.c,158 :: 		
0x0151	0x0F75      	INCFSZ     R5, 0
;__Lib_Math.c,159 :: 		
0x0152	0x07FA      	ADDWF      R10, 1
;__Lib_Math.c,160 :: 		
0x0153	0x1803      	BTFSC      STATUS, 0
;__Lib_Math.c,161 :: 		
0x0154	0x0AFB      	INCF       R11, 1
;__Lib_Math.c,162 :: 		
0x0155	0x1003      	BCF        STATUS, 0
;__Lib_Math.c,163 :: 		
0x0156	0x1FF0      	BTFSS      R0, 7
;__Lib_Math.c,164 :: 		
0x0157	0x295E      	GOTO       $+7
;__Lib_Math.c,165 :: 		
0x0158	0x0874      	MOVF       R4, 0
;__Lib_Math.c,166 :: 		
0x0159	0x07FA      	ADDWF      R10, 1
;__Lib_Math.c,167 :: 		
0x015A	0x0875      	MOVF       R5, 0
;__Lib_Math.c,168 :: 		
0x015B	0x1803      	BTFSC      STATUS, 0
;__Lib_Math.c,169 :: 		
0x015C	0x0F75      	INCFSZ     R5, 0
;__Lib_Math.c,170 :: 		
0x015D	0x07FB      	ADDWF      R11, 1
;__Lib_Math.c,171 :: 		
0x015E	0x0CFB      	RRF        R11, 1
;__Lib_Math.c,172 :: 		
0x015F	0x0CFA      	RRF        R10, 1
;__Lib_Math.c,173 :: 		
0x0160	0x0CF9      	RRF        R9, 1
;__Lib_Math.c,174 :: 		
0x0161	0x0CF8      	RRF        R8, 1
;__Lib_Math.c,175 :: 		
0x0162	0x1C03      	BTFSS      STATUS, 0
;__Lib_Math.c,176 :: 		
0x0163	0x2949      	GOTO       $-26
;__Lib_Math.c,177 :: 		
0x0164	0x087B      	MOVF       R11, 0
;__Lib_Math.c,178 :: 		
0x0165	0x00F3      	MOVWF      R3
;__Lib_Math.c,179 :: 		
0x0166	0x087A      	MOVF       R10, 0
;__Lib_Math.c,180 :: 		
0x0167	0x00F2      	MOVWF      R2
;__Lib_Math.c,181 :: 		
0x0168	0x0879      	MOVF       R9, 0
;__Lib_Math.c,182 :: 		
0x0169	0x00F1      	MOVWF      R1
;__Lib_Math.c,183 :: 		
0x016A	0x0878      	MOVF       R8, 0
;__Lib_Math.c,184 :: 		
0x016B	0x00F0      	MOVWF      R0
;__Lib_Math.c,187 :: 		
L_end_Mul_16X16_U:
0x016C	0x0008      	RETURN
; end of _Mul_16X16_U
_Div_16X16_U:
;__Lib_Math.c,215 :: 		
;__Lib_Math.c,222 :: 		
0x016D	0x1283      	BCF        STATUS, 5
;__Lib_Math.c,223 :: 		
0x016E	0x1303      	BCF        STATUS, 6
;__Lib_Math.c,224 :: 		
0x016F	0x01F8      	CLRF       R8
;__Lib_Math.c,225 :: 		
0x0170	0x01F9      	CLRF       R9
;__Lib_Math.c,226 :: 		
0x0171	0x3010      	MOVLW      16
;__Lib_Math.c,227 :: 		
0x0172	0x00FC      	MOVWF      R12
;__Lib_Math.c,228 :: 		
0x0173	0x0D71      	RLF        R1, 0
;__Lib_Math.c,229 :: 		
0x0174	0x0DF8      	RLF        R8, 1
;__Lib_Math.c,230 :: 		
0x0175	0x0DF9      	RLF        R9, 1
;__Lib_Math.c,231 :: 		
0x0176	0x0874      	MOVF       R4, 0
;__Lib_Math.c,232 :: 		
0x0177	0x02F8      	SUBWF      R8, 1
;__Lib_Math.c,233 :: 		
0x0178	0x0875      	MOVF       R5, 0
;__Lib_Math.c,234 :: 		
0x0179	0x1C03      	BTFSS      STATUS, 0
;__Lib_Math.c,235 :: 		
0x017A	0x0F75      	INCFSZ     R5, 0
;__Lib_Math.c,236 :: 		
0x017B	0x02F9      	SUBWF      R9, 1
;__Lib_Math.c,237 :: 		
0x017C	0x1803      	BTFSC      STATUS, 0
;__Lib_Math.c,238 :: 		
0x017D	0x2985      	GOTO       $+8
;__Lib_Math.c,239 :: 		
0x017E	0x0874      	MOVF       R4, 0
;__Lib_Math.c,240 :: 		
0x017F	0x07F8      	ADDWF      R8, 1
;__Lib_Math.c,241 :: 		
0x0180	0x0875      	MOVF       R5, 0
;__Lib_Math.c,242 :: 		
0x0181	0x1803      	BTFSC      STATUS, 0
;__Lib_Math.c,243 :: 		
0x0182	0x0F75      	INCFSZ     R5, 0
;__Lib_Math.c,244 :: 		
0x0183	0x07F9      	ADDWF      R9, 1
;__Lib_Math.c,245 :: 		
0x0184	0x1003      	BCF        STATUS, 0
;__Lib_Math.c,246 :: 		
0x0185	0x0DF0      	RLF        R0, 1
;__Lib_Math.c,247 :: 		
0x0186	0x0DF1      	RLF        R1, 1
;__Lib_Math.c,248 :: 		
0x0187	0x0BFC      	DECFSZ     R12, 1
;__Lib_Math.c,249 :: 		
0x0188	0x2973      	GOTO       $-21
;__Lib_Math.c,251 :: 		
L_end_Div_16X16_U:
0x0189	0x0008      	RETURN
; end of _Div_16X16_U
___CC2DW:
;__Lib_System.c,134 :: 		
;__Lib_System.c,137 :: 		
_CC2D_Loop1:
;__Lib_System.c,139 :: 		
0x018A	0x2071      	CALL       _____DoICP
0x018B	0x118A      	BCF        PCLATH, 3
0x018C	0x120A      	BCF        PCLATH, 4
;__Lib_System.c,141 :: 		
0x018D	0x0080      	MOVWF      INDF
;__Lib_System.c,142 :: 		
0x018E	0x0A84      	INCF       FSR, 1
;__Lib_System.c,143 :: 		
0x018F	0x0ADC      	INCF       ___DoICPAddr, 1
;__Lib_System.c,145 :: 		
0x0190	0x1903      	BTFSC      STATUS, 2
;__Lib_System.c,146 :: 		
0x0191	0x0ADD      	INCF       ___DoICPAddr+1, 1
;__Lib_System.c,147 :: 		
0x0192	0x03F0      	DECF       R0, 1
;__Lib_System.c,149 :: 		
0x0193	0x1D03      	BTFSS      STATUS, 2
;__Lib_System.c,150 :: 		
0x0194	0x298A      	GOTO       _CC2D_Loop1
;__Lib_System.c,152 :: 		
L_end___CC2DW:
0x0195	0x0008      	RETURN
; end of ___CC2DW
_ADC_Read:
;__Lib_ADC_88X.c,55 :: 		
;__Lib_ADC_88X.c,57 :: 		
0x0196	0x30C3      	MOVLW      195
0x0197	0x1283      	BCF        STATUS, 5
0x0198	0x1303      	BCF        STATUS, 6
0x0199	0x059F      	ANDWF      ADCON0, 1
;__Lib_ADC_88X.c,61 :: 		
0x019A	0x30C0      	MOVLW      192
0x019B	0x009F      	MOVWF      ADCON0
;__Lib_ADC_88X.c,62 :: 		
0x019C	0x1683      	BSF        STATUS, 5
0x019D	0x0824      	MOVF       FARG_ADC_Read_channel, 0
0x019E	0x00F0      	MOVWF      R0
0x019F	0x0DF0      	RLF        R0, 1
0x01A0	0x1070      	BCF        R0, 0
0x01A1	0x0DF0      	RLF        R0, 1
0x01A2	0x1070      	BCF        R0, 0
0x01A3	0x0870      	MOVF       R0, 0
0x01A4	0x1283      	BCF        STATUS, 5
0x01A5	0x049F      	IORWF      ADCON0, 1
;__Lib_ADC_88X.c,63 :: 		
0x01A6	0x1683      	BSF        STATUS, 5
0x01A7	0x179F      	BSF        ADCON1, 7
;__Lib_ADC_88X.c,66 :: 		
0x01A8	0x1283      	BCF        STATUS, 5
0x01A9	0x141F      	BSF        ADCON0, 0
;__Lib_ADC_88X.c,69 :: 		
0x01AA	0x2078      	CALL       _Delay_22us
;__Lib_ADC_88X.c,72 :: 		
0x01AB	0x149F      	BSF        ADCON0, 1
;__Lib_ADC_88X.c,75 :: 		
L_ADC_Read2:
0x01AC	0x1C9F      	BTFSS      ADCON0, 1
0x01AD	0x29B0      	GOTO       L_ADC_Read3
;__Lib_ADC_88X.c,76 :: 		
0x01AE	0x0000      	NOP
0x01AF	0x29AC      	GOTO       L_ADC_Read2
L_ADC_Read3:
;__Lib_ADC_88X.c,79 :: 		
0x01B0	0x101F      	BCF        ADCON0, 0
;__Lib_ADC_88X.c,82 :: 		
0x01B1	0x081E      	MOVF       ADRESH, 0
0x01B2	0x00F1      	MOVWF      R0+1
0x01B3	0x01F0      	CLRF       R0
0x01B4	0x1683      	BSF        STATUS, 5
0x01B5	0x081E      	MOVF       ADRESL, 0
0x01B6	0x04F0      	IORWF      R0, 1
0x01B7	0x3000      	MOVLW      0
0x01B8	0x04F1      	IORWF      R0+1, 1
;__Lib_ADC_88X.c,83 :: 		
L_end_ADC_Read:
0x01B9	0x0008      	RETURN
; end of _ADC_Read
_Lcd_Init:
;__Lib_Lcd.c,84 :: 		
;__Lib_Lcd.c,86 :: 		
0x01BA	0x1683      	BSF        STATUS, 5
0x01BB	0x1303      	BCF        STATUS, 6
0x01BC	0x1286      	BCF        LCD_EN_Direction, BitPos(LCD_EN_Direction+0)
;__Lib_Lcd.c,87 :: 		
0x01BD	0x1206      	BCF        LCD_RS_Direction, BitPos(LCD_RS_Direction+0)
;__Lib_Lcd.c,88 :: 		
0x01BE	0x1006      	BCF        LCD_D4_Direction, BitPos(LCD_D4_Direction+0)
;__Lib_Lcd.c,89 :: 		
0x01BF	0x1086      	BCF        LCD_D5_Direction, BitPos(LCD_D5_Direction+0)
;__Lib_Lcd.c,90 :: 		
0x01C0	0x1106      	BCF        LCD_D6_Direction, BitPos(LCD_D6_Direction+0)
;__Lib_Lcd.c,91 :: 		
0x01C1	0x1186      	BCF        LCD_D7_Direction, BitPos(LCD_D7_Direction+0)
;__Lib_Lcd.c,93 :: 		
0x01C2	0x1283      	BCF        STATUS, 5
0x01C3	0x1286      	BCF        LCD_EN, BitPos(LCD_EN+0)
;__Lib_Lcd.c,94 :: 		
0x01C4	0x1206      	BCF        LCD_RS, BitPos(LCD_RS+0)
;__Lib_Lcd.c,95 :: 		
0x01C5	0x1186      	BCF        LCD_D7, BitPos(LCD_D7+0)
;__Lib_Lcd.c,96 :: 		
0x01C6	0x1106      	BCF        LCD_D6, BitPos(LCD_D6+0)
;__Lib_Lcd.c,97 :: 		
0x01C7	0x1086      	BCF        LCD_D5, BitPos(LCD_D5+0)
;__Lib_Lcd.c,98 :: 		
0x01C8	0x1006      	BCF        LCD_D4, BitPos(LCD_D4+0)
;__Lib_Lcd.c,100 :: 		
0x01C9	0x2006      	CALL       _Delay_5500us
;__Lib_Lcd.c,101 :: 		
0x01CA	0x2006      	CALL       _Delay_5500us
;__Lib_Lcd.c,102 :: 		
0x01CB	0x2006      	CALL       _Delay_5500us
;__Lib_Lcd.c,105 :: 		
0x01CC	0x1486      	BSF        LCD_D5, BitPos(LCD_D5+0)
;__Lib_Lcd.c,106 :: 		
0x01CD	0x1406      	BSF        LCD_D4, BitPos(LCD_D4+0)
;__Lib_Lcd.c,107 :: 		
0x01CE	0x1686      	BSF        LCD_EN, BitPos(LCD_EN+0)
;__Lib_Lcd.c,108 :: 		
0x01CF	0x2003      	CALL       _Delay_1us
;__Lib_Lcd.c,109 :: 		
0x01D0	0x1286      	BCF        LCD_EN, BitPos(LCD_EN+0)
;__Lib_Lcd.c,110 :: 		
0x01D1	0x2006      	CALL       _Delay_5500us
;__Lib_Lcd.c,112 :: 		
0x01D2	0x1686      	BSF        LCD_EN, BitPos(LCD_EN+0)
;__Lib_Lcd.c,113 :: 		
0x01D3	0x2003      	CALL       _Delay_1us
;__Lib_Lcd.c,114 :: 		
0x01D4	0x1286      	BCF        LCD_EN, BitPos(LCD_EN+0)
;__Lib_Lcd.c,115 :: 		
0x01D5	0x2006      	CALL       _Delay_5500us
;__Lib_Lcd.c,117 :: 		
0x01D6	0x1686      	BSF        LCD_EN, BitPos(LCD_EN+0)
;__Lib_Lcd.c,118 :: 		
0x01D7	0x2003      	CALL       _Delay_1us
;__Lib_Lcd.c,119 :: 		
0x01D8	0x1286      	BCF        LCD_EN, BitPos(LCD_EN+0)
;__Lib_Lcd.c,120 :: 		
0x01D9	0x2006      	CALL       _Delay_5500us
;__Lib_Lcd.c,123 :: 		
0x01DA	0x1006      	BCF        LCD_D4, BitPos(LCD_D4+0)
;__Lib_Lcd.c,124 :: 		
0x01DB	0x1686      	BSF        LCD_EN, BitPos(LCD_EN+0)
;__Lib_Lcd.c,125 :: 		
0x01DC	0x2003      	CALL       _Delay_1us
;__Lib_Lcd.c,126 :: 		
0x01DD	0x1286      	BCF        LCD_EN, BitPos(LCD_EN+0)
;__Lib_Lcd.c,127 :: 		
0x01DE	0x2006      	CALL       _Delay_5500us
;__Lib_Lcd.c,130 :: 		
0x01DF	0x1686      	BSF        LCD_EN, BitPos(LCD_EN+0)
;__Lib_Lcd.c,131 :: 		
0x01E0	0x2003      	CALL       _Delay_1us
;__Lib_Lcd.c,132 :: 		
0x01E1	0x1286      	BCF        LCD_EN, BitPos(LCD_EN+0)
;__Lib_Lcd.c,134 :: 		
0x01E2	0x1086      	BCF        LCD_D5, BitPos(LCD_D5+0)
;__Lib_Lcd.c,135 :: 		
0x01E3	0x1586      	BSF        LCD_D7, BitPos(LCD_D7+0)
;__Lib_Lcd.c,136 :: 		
0x01E4	0x1686      	BSF        LCD_EN, BitPos(LCD_EN+0)
;__Lib_Lcd.c,137 :: 		
0x01E5	0x2003      	CALL       _Delay_1us
;__Lib_Lcd.c,138 :: 		
0x01E6	0x1286      	BCF        LCD_EN, BitPos(LCD_EN+0)
;__Lib_Lcd.c,139 :: 		
0x01E7	0x2006      	CALL       _Delay_5500us
;__Lib_Lcd.c,142 :: 		
0x01E8	0x1186      	BCF        LCD_D7, BitPos(LCD_D7+0)
;__Lib_Lcd.c,143 :: 		
0x01E9	0x1406      	BSF        LCD_D4, BitPos(LCD_D4+0)
;__Lib_Lcd.c,144 :: 		
0x01EA	0x1686      	BSF        LCD_EN, BitPos(LCD_EN+0)
;__Lib_Lcd.c,145 :: 		
0x01EB	0x2003      	CALL       _Delay_1us
;__Lib_Lcd.c,146 :: 		
0x01EC	0x1286      	BCF        LCD_EN, BitPos(LCD_EN+0)
;__Lib_Lcd.c,148 :: 		
0x01ED	0x1006      	BCF        LCD_D4, BitPos(LCD_D4+0)
;__Lib_Lcd.c,149 :: 		
0x01EE	0x1686      	BSF        LCD_EN, BitPos(LCD_EN+0)
;__Lib_Lcd.c,150 :: 		
0x01EF	0x2003      	CALL       _Delay_1us
;__Lib_Lcd.c,151 :: 		
0x01F0	0x1286      	BCF        LCD_EN, BitPos(LCD_EN+0)
;__Lib_Lcd.c,152 :: 		
0x01F1	0x2006      	CALL       _Delay_5500us
;__Lib_Lcd.c,155 :: 		
0x01F2	0x1686      	BSF        LCD_EN, BitPos(LCD_EN+0)
;__Lib_Lcd.c,156 :: 		
0x01F3	0x2003      	CALL       _Delay_1us
;__Lib_Lcd.c,157 :: 		
0x01F4	0x1286      	BCF        LCD_EN, BitPos(LCD_EN+0)
;__Lib_Lcd.c,159 :: 		
0x01F5	0x1406      	BSF        LCD_D4, BitPos(LCD_D4+0)
;__Lib_Lcd.c,160 :: 		
0x01F6	0x1686      	BSF        LCD_EN, BitPos(LCD_EN+0)
;__Lib_Lcd.c,161 :: 		
0x01F7	0x2003      	CALL       _Delay_1us
;__Lib_Lcd.c,162 :: 		
0x01F8	0x1286      	BCF        LCD_EN, BitPos(LCD_EN+0)
;__Lib_Lcd.c,163 :: 		
0x01F9	0x2006      	CALL       _Delay_5500us
;__Lib_Lcd.c,166 :: 		
0x01FA	0x1006      	BCF        LCD_D4, BitPos(LCD_D4+0)
;__Lib_Lcd.c,167 :: 		
0x01FB	0x1686      	BSF        LCD_EN, BitPos(LCD_EN+0)
;__Lib_Lcd.c,168 :: 		
0x01FC	0x2003      	CALL       _Delay_1us
;__Lib_Lcd.c,169 :: 		
0x01FD	0x1286      	BCF        LCD_EN, BitPos(LCD_EN+0)
;__Lib_Lcd.c,171 :: 		
0x01FE	0x1586      	BSF        LCD_D7, BitPos(LCD_D7+0)
;__Lib_Lcd.c,172 :: 		
0x01FF	0x1506      	BSF        LCD_D6, BitPos(LCD_D6+0)
;__Lib_Lcd.c,173 :: 		
0x0200	0x1486      	BSF        LCD_D5, BitPos(LCD_D5+0)
;__Lib_Lcd.c,174 :: 		
0x0201	0x1406      	BSF        LCD_D4, BitPos(LCD_D4+0)
;__Lib_Lcd.c,175 :: 		
0x0202	0x1686      	BSF        LCD_EN, BitPos(LCD_EN+0)
;__Lib_Lcd.c,176 :: 		
0x0203	0x2003      	CALL       _Delay_1us
;__Lib_Lcd.c,177 :: 		
0x0204	0x1286      	BCF        LCD_EN, BitPos(LCD_EN+0)
;__Lib_Lcd.c,179 :: 		
0x0205	0x2006      	CALL       _Delay_5500us
;__Lib_Lcd.c,181 :: 		
0x0206	0x145B      	BSF        __Lib_Lcd_cmd_status, BitPos(__Lib_Lcd_cmd_status+0)
;__Lib_Lcd.c,182 :: 		
L_end_Lcd_Init:
0x0207	0x0008      	RETURN
; end of _Lcd_Init
_transmision:
;ProyectoFinal.c,28 :: 		void transmision(char *cadena){
;ProyectoFinal.c,30 :: 		size=strlen(cadena);
0x0208	0x1683      	BSF        STATUS, 5
0x0209	0x1303      	BCF        STATUS, 6
0x020A	0x0824      	MOVF       FARG_transmision_cadena, 0
0x020B	0x00A9      	MOVWF      FARG_strlen_s
0x020C	0x2080      	CALL       _strlen
0x020D	0x0870      	MOVF       R0, 0
0x020E	0x00A5      	MOVWF      transmision_size_L0
0x020F	0x0871      	MOVF       R0+1, 0
0x0210	0x00A6      	MOVWF      transmision_size_L0+1
;ProyectoFinal.c,31 :: 		Delay_ms(1000);
0x0211	0x300B      	MOVLW      11
0x0212	0x00FB      	MOVWF      R11
0x0213	0x3026      	MOVLW      38
0x0214	0x00FC      	MOVWF      R12
0x0215	0x305D      	MOVLW      93
0x0216	0x00FD      	MOVWF      R13
L_transmision0:
0x0217	0x0BFD      	DECFSZ     R13, 1
0x0218	0x2A17      	GOTO       L_transmision0
0x0219	0x0BFC      	DECFSZ     R12, 1
0x021A	0x2A17      	GOTO       L_transmision0
0x021B	0x0BFB      	DECFSZ     R11, 1
0x021C	0x2A17      	GOTO       L_transmision0
0x021D	0x0000      	NOP
0x021E	0x0000      	NOP
;ProyectoFinal.c,32 :: 		for(i=0; i<size; i++){
0x021F	0x01A7      	CLRF       transmision_i_L0
0x0220	0x01A8      	CLRF       transmision_i_L0+1
L_transmision1:
0x0221	0x3080      	MOVLW      128
0x0222	0x0628      	XORWF      transmision_i_L0+1, 0
0x0223	0x00F0      	MOVWF      R0
0x0224	0x3080      	MOVLW      128
0x0225	0x0626      	XORWF      transmision_size_L0+1, 0
0x0226	0x0270      	SUBWF      R0, 0
0x0227	0x1D03      	BTFSS      STATUS, 2
0x0228	0x2A2B      	GOTO       L__transmision18
0x0229	0x0825      	MOVF       transmision_size_L0, 0
0x022A	0x0227      	SUBWF      transmision_i_L0, 0
L__transmision18:
0x022B	0x1803      	BTFSC      STATUS, 0
0x022C	0x2A41      	GOTO       L_transmision2
;ProyectoFinal.c,33 :: 		UART1_Write(cadena[i]);
0x022D	0x0827      	MOVF       transmision_i_L0, 0
0x022E	0x0724      	ADDWF      FARG_transmision_cadena, 0
0x022F	0x0084      	MOVWF      FSR
0x0230	0x0800      	MOVF       INDF, 0
0x0231	0x00A9      	MOVWF      FARG_UART1_Write_data_
0x0232	0x20A7      	CALL       _UART1_Write
;ProyectoFinal.c,34 :: 		Delay_ms(10);
0x0233	0x301A      	MOVLW      26
0x0234	0x00FC      	MOVWF      R12
0x0235	0x30F8      	MOVLW      248
0x0236	0x00FD      	MOVWF      R13
L_transmision4:
0x0237	0x0BFD      	DECFSZ     R13, 1
0x0238	0x2A37      	GOTO       L_transmision4
0x0239	0x0BFC      	DECFSZ     R12, 1
0x023A	0x2A37      	GOTO       L_transmision4
0x023B	0x0000      	NOP
;ProyectoFinal.c,32 :: 		for(i=0; i<size; i++){
0x023C	0x1683      	BSF        STATUS, 5
0x023D	0x0AA7      	INCF       transmision_i_L0, 1
0x023E	0x1903      	BTFSC      STATUS, 2
0x023F	0x0AA8      	INCF       transmision_i_L0+1, 1
;ProyectoFinal.c,35 :: 		}
0x0240	0x2A21      	GOTO       L_transmision1
L_transmision2:
;ProyectoFinal.c,36 :: 		}
L_end_transmision:
0x0241	0x0008      	RETURN
; end of _transmision
_UART1_Init:
;__Lib_UART_c67.c,2 :: 		
;__Lib_UART_c67.c,5 :: 		
0x0242	0x1683      	BSF        STATUS, 5
0x0243	0x1303      	BCF        STATUS, 6
0x0244	0x1698      	BSF        TXSTA, 5
;__Lib_UART_c67.c,6 :: 		
0x0245	0x3090      	MOVLW      144
0x0246	0x1283      	BCF        STATUS, 5
0x0247	0x0098      	MOVWF      RCSTA
;__Lib_UART_c67.c,7 :: 		
0x0248	0x1683      	BSF        STATUS, 5
0x0249	0x1787      	BSF        TRISC7_bit, BitPos(TRISC7_bit+0)
;__Lib_UART_c67.c,8 :: 		
0x024A	0x1307      	BCF        TRISC6_bit, BitPos(TRISC6_bit+0)
;__Lib_UART_c67.c,10 :: 		
L_UART1_Init0:
0x024B	0x1283      	BCF        STATUS, 5
0x024C	0x1E8C      	BTFSS      PIR1, 5
0x024D	0x2A51      	GOTO       L_UART1_Init1
;__Lib_UART_c67.c,11 :: 		
0x024E	0x081A      	MOVF       RCREG, 0
0x024F	0x00F0      	MOVWF      R0
0x0250	0x2A4B      	GOTO       L_UART1_Init0
L_UART1_Init1:
;__Lib_UART_c67.c,12 :: 		
L_end_UART1_Init:
0x0251	0x0008      	RETURN
; end of _UART1_Init
_main:
0x0252	0x23FC      	CALL       1020
;ProyectoFinal.c,38 :: 		void main() {
;ProyectoFinal.c,40 :: 		int temperatura=0;
0x0253	0x1283      	BCF        STATUS, 5
0x0254	0x1303      	BCF        STATUS, 6
0x0255	0x01EC      	CLRF       main_temperatura_L0
0x0256	0x01ED      	CLRF       main_temperatura_L0+1
0x0257	0x01EE      	CLRF       main_Carne_Kg_L0
0x0258	0x01EF      	CLRF       main_Carne_Kg_L0+1
0x0259	0x1683      	BSF        STATUS, 5
0x025A	0x01A0      	CLRF       main_Pollo_Kg_L0
0x025B	0x01A1      	CLRF       main_Pollo_Kg_L0+1
0x025C	0x01A2      	CLRF       main_Leche_Total_L0
0x025D	0x01A3      	CLRF       main_Leche_Total_L0+1
;ProyectoFinal.c,45 :: 		ANSEL  = 0x04;              // Configure AN2 pin as analog
0x025E	0x3004      	MOVLW      4
0x025F	0x1703      	BSF        STATUS, 6
0x0260	0x0088      	MOVWF      ANSEL
;ProyectoFinal.c,46 :: 		ANSELH = 0;                 // Configure other AN pins as digital I/O
0x0261	0x0189      	CLRF       ANSELH
;ProyectoFinal.c,47 :: 		C1ON_bit = 0;               // Disable comparators
0x0262	0x1283      	BCF        STATUS, 5
0x0263	0x1387      	BCF        C1ON_bit, BitPos(C1ON_bit+0)
;ProyectoFinal.c,48 :: 		C2ON_bit = 0;
0x0264	0x1388      	BCF        C2ON_bit, BitPos(C2ON_bit+0)
;ProyectoFinal.c,49 :: 		UART1_Init(9600);
0x0265	0x3033      	MOVLW      51
0x0266	0x1683      	BSF        STATUS, 5
0x0267	0x1303      	BCF        STATUS, 6
0x0268	0x0099      	MOVWF      SPBRG
0x0269	0x1518      	BSF        TXSTA, 2
0x026A	0x2242      	CALL       _UART1_Init
;ProyectoFinal.c,51 :: 		TRISA  = 0xFF;              // PORTA is input
0x026B	0x30FF      	MOVLW      255
0x026C	0x1683      	BSF        STATUS, 5
0x026D	0x0085      	MOVWF      TRISA
;ProyectoFinal.c,52 :: 		TRISB  = 0x00;              // PORTB is output
0x026E	0x0186      	CLRF       TRISB
;ProyectoFinal.c,53 :: 		TRISD  = 0xFF;              // PORTA is input
0x026F	0x30FF      	MOVLW      255
0x0270	0x0088      	MOVWF      TRISD
;ProyectoFinal.c,54 :: 		TRISC  = 0x80;              // PORTC is output
0x0271	0x3080      	MOVLW      128
0x0272	0x0087      	MOVWF      TRISC
;ProyectoFinal.c,55 :: 		TRISE  = 0xFF;              // PORTE is input
0x0273	0x30FF      	MOVLW      255
0x0274	0x0089      	MOVWF      TRISE
;ProyectoFinal.c,57 :: 		Lcd_Init();                 // Initialize LCD
0x0275	0x21BA      	CALL       _Lcd_Init
;ProyectoFinal.c,58 :: 		Lcd_Cmd(_LCD_CLEAR);               // Clear display
0x0276	0x3001      	MOVLW      1
0x0277	0x1683      	BSF        STATUS, 5
0x0278	0x00AA      	MOVWF      FARG_Lcd_Cmd_out_char
0x0279	0x201A      	CALL       _Lcd_Cmd
;ProyectoFinal.c,59 :: 		Lcd_Cmd(_LCD_CURSOR_OFF);          // Cursor off
0x027A	0x300C      	MOVLW      12
0x027B	0x1683      	BSF        STATUS, 5
0x027C	0x00AA      	MOVWF      FARG_Lcd_Cmd_out_char
0x027D	0x201A      	CALL       _Lcd_Cmd
;ProyectoFinal.c,60 :: 		Lcd_Out(1,1,"Nevera");
0x027E	0x3001      	MOVLW      1
0x027F	0x1683      	BSF        STATUS, 5
0x0280	0x00A4      	MOVWF      FARG_Lcd_Out_row
0x0281	0x3001      	MOVLW      1
0x0282	0x00A5      	MOVWF      FARG_Lcd_Out_column
0x0283	0x3023      	MOVLW      ?lstr1_ProyectoFinal
0x0284	0x00A6      	MOVWF      FARG_Lcd_Out_text
0x0285	0x20EE      	CALL       _Lcd_Out
;ProyectoFinal.c,61 :: 		Lcd_Out(2,1,"Inteligente");
0x0286	0x3002      	MOVLW      2
0x0287	0x1683      	BSF        STATUS, 5
0x0288	0x00A4      	MOVWF      FARG_Lcd_Out_row
0x0289	0x3001      	MOVLW      1
0x028A	0x00A5      	MOVWF      FARG_Lcd_Out_column
0x028B	0x303A      	MOVLW      ?lstr2_ProyectoFinal
0x028C	0x00A6      	MOVWF      FARG_Lcd_Out_text
0x028D	0x20EE      	CALL       _Lcd_Out
;ProyectoFinal.c,62 :: 		Delay_1sec();
0x028E	0x2131      	CALL       _Delay_1sec
;ProyectoFinal.c,63 :: 		Lcd_Cmd(_LCD_CLEAR);               // Clear display
0x028F	0x3001      	MOVLW      1
0x0290	0x1683      	BSF        STATUS, 5
0x0291	0x00AA      	MOVWF      FARG_Lcd_Cmd_out_char
0x0292	0x201A      	CALL       _Lcd_Cmd
;ProyectoFinal.c,64 :: 		Lcd_Cmd(_LCD_CURSOR_OFF);          // Cursor off
0x0293	0x300C      	MOVLW      12
0x0294	0x1683      	BSF        STATUS, 5
0x0295	0x00AA      	MOVWF      FARG_Lcd_Cmd_out_char
0x0296	0x201A      	CALL       _Lcd_Cmd
;ProyectoFinal.c,65 :: 		Lcd_Out(1,1,"Iniciando");          // Write text in first row
0x0297	0x3001      	MOVLW      1
0x0298	0x1683      	BSF        STATUS, 5
0x0299	0x00A4      	MOVWF      FARG_Lcd_Out_row
0x029A	0x3001      	MOVLW      1
0x029B	0x00A5      	MOVWF      FARG_Lcd_Out_column
0x029C	0x3046      	MOVLW      ?lstr3_ProyectoFinal
0x029D	0x00A6      	MOVWF      FARG_Lcd_Out_text
0x029E	0x20EE      	CALL       _Lcd_Out
;ProyectoFinal.c,66 :: 		Delay_1sec();
0x029F	0x2131      	CALL       _Delay_1sec
;ProyectoFinal.c,67 :: 		Lcd_Cmd(_LCD_CLEAR);               // Clear display
0x02A0	0x3001      	MOVLW      1
0x02A1	0x1683      	BSF        STATUS, 5
0x02A2	0x00AA      	MOVWF      FARG_Lcd_Cmd_out_char
0x02A3	0x201A      	CALL       _Lcd_Cmd
;ProyectoFinal.c,68 :: 		Lcd_Cmd(_LCD_CURSOR_OFF);          // Cursor off
0x02A4	0x300C      	MOVLW      12
0x02A5	0x1683      	BSF        STATUS, 5
0x02A6	0x00AA      	MOVWF      FARG_Lcd_Cmd_out_char
0x02A7	0x201A      	CALL       _Lcd_Cmd
;ProyectoFinal.c,71 :: 		do {
L_main5:
;ProyectoFinal.c,74 :: 		lm35 = ADC_Read(2);
0x02A8	0x3002      	MOVLW      2
0x02A9	0x1683      	BSF        STATUS, 5
0x02AA	0x00A4      	MOVWF      FARG_ADC_Read_channel
0x02AB	0x2196      	CALL       _ADC_Read
0x02AC	0x0870      	MOVF       R0, 0
0x02AD	0x1283      	BCF        STATUS, 5
0x02AE	0x00DE      	MOVWF      _lm35
0x02AF	0x0871      	MOVF       R0+1, 0
0x02B0	0x00DF      	MOVWF      _lm35+1
;ProyectoFinal.c,75 :: 		temperatura = (lm35*150)/307;
0x02B1	0x3096      	MOVLW      150
0x02B2	0x00F4      	MOVWF      R4
0x02B3	0x01F5      	CLRF       R4+1
0x02B4	0x2142      	CALL       _Mul_16X16_U
0x02B5	0x3033      	MOVLW      51
0x02B6	0x00F4      	MOVWF      R4
0x02B7	0x3001      	MOVLW      1
0x02B8	0x00F5      	MOVWF      R4+1
0x02B9	0x216D      	CALL       _Div_16X16_U
0x02BA	0x0870      	MOVF       R0, 0
0x02BB	0x00EC      	MOVWF      main_temperatura_L0
0x02BC	0x0871      	MOVF       R0+1, 0
0x02BD	0x00ED      	MOVWF      main_temperatura_L0+1
;ProyectoFinal.c,79 :: 		if (RE0_bit==1) {
0x02BE	0x1C09      	BTFSS      RE0_bit, BitPos(RE0_bit+0)
0x02BF	0x2AC2      	GOTO       L_main8
;ProyectoFinal.c,80 :: 		RC0_bit=0;}
0x02C0	0x1007      	BCF        RC0_bit, BitPos(RC0_bit+0)
0x02C1	0x2AC3      	GOTO       L_main9
L_main8:
;ProyectoFinal.c,82 :: 		RC0_bit=1;}
0x02C2	0x1407      	BSF        RC0_bit, BitPos(RC0_bit+0)
L_main9:
;ProyectoFinal.c,86 :: 		if (temperatura > 35) {
0x02C3	0x3080      	MOVLW      128
0x02C4	0x00F0      	MOVWF      R0
0x02C5	0x3080      	MOVLW      128
0x02C6	0x066D      	XORWF      main_temperatura_L0+1, 0
0x02C7	0x0270      	SUBWF      R0, 0
0x02C8	0x1D03      	BTFSS      STATUS, 2
0x02C9	0x2ACC      	GOTO       L__main20
0x02CA	0x086C      	MOVF       main_temperatura_L0, 0
0x02CB	0x3C23      	SUBLW      35
L__main20:
0x02CC	0x1803      	BTFSC      STATUS, 0
0x02CD	0x2AD1      	GOTO       L_main10
;ProyectoFinal.c,87 :: 		RB7_bit=1;
0x02CE	0x1786      	BSF        RB7_bit, BitPos(RB7_bit+0)
;ProyectoFinal.c,88 :: 		RB6_bit=0;}
0x02CF	0x1306      	BCF        RB6_bit, BitPos(RB6_bit+0)
0x02D0	0x2AD3      	GOTO       L_main11
L_main10:
;ProyectoFinal.c,90 :: 		RB6_bit=1;
0x02D1	0x1706      	BSF        RB6_bit, BitPos(RB6_bit+0)
;ProyectoFinal.c,91 :: 		RB7_bit=0;}
0x02D2	0x1386      	BCF        RB7_bit, BitPos(RB7_bit+0)
L_main11:
;ProyectoFinal.c,94 :: 		Carne_Kg= RA0_bit+RA1_bit+RD5_bit+RD6_bit+RD7_bit;
0x02D3	0x01F1      	CLRF       R1
0x02D4	0x1805      	BTFSC      RA0_bit, BitPos(RA0_bit+0)
0x02D5	0x0AF1      	INCF       R1, 1
0x02D6	0x01F0      	CLRF       R0
0x02D7	0x1885      	BTFSC      RA1_bit, BitPos(RA1_bit+0)
0x02D8	0x0AF0      	INCF       R0, 1
0x02D9	0x0870      	MOVF       R0, 0
0x02DA	0x07F1      	ADDWF      R1, 1
0x02DB	0x01F2      	CLRF       R1+1
0x02DC	0x1803      	BTFSC      STATUS, 0
0x02DD	0x0AF2      	INCF       R1+1, 1
0x02DE	0x01F0      	CLRF       R0
0x02DF	0x1A88      	BTFSC      RD5_bit, BitPos(RD5_bit+0)
0x02E0	0x0AF0      	INCF       R0, 1
0x02E1	0x0870      	MOVF       R0, 0
0x02E2	0x07F1      	ADDWF      R1, 1
0x02E3	0x1803      	BTFSC      STATUS, 0
0x02E4	0x0AF2      	INCF       R1+1, 1
0x02E5	0x01F0      	CLRF       R0
0x02E6	0x1B08      	BTFSC      RD6_bit, BitPos(RD6_bit+0)
0x02E7	0x0AF0      	INCF       R0, 1
0x02E8	0x0870      	MOVF       R0, 0
0x02E9	0x07F1      	ADDWF      R1, 1
0x02EA	0x1803      	BTFSC      STATUS, 0
0x02EB	0x0AF2      	INCF       R1+1, 1
0x02EC	0x01F0      	CLRF       R0
0x02ED	0x1B88      	BTFSC      RD7_bit, BitPos(RD7_bit+0)
0x02EE	0x0AF0      	INCF       R0, 1
0x02EF	0x0870      	MOVF       R0, 0
0x02F0	0x07F1      	ADDWF      R1, 1
0x02F1	0x1803      	BTFSC      STATUS, 0
0x02F2	0x0AF2      	INCF       R1+1, 1
0x02F3	0x0871      	MOVF       R1, 0
0x02F4	0x00EE      	MOVWF      main_Carne_Kg_L0
0x02F5	0x0872      	MOVF       R1+1, 0
0x02F6	0x00EF      	MOVWF      main_Carne_Kg_L0+1
;ProyectoFinal.c,95 :: 		Pollo_Kg= RD0_bit+RD1_bit+RD2_bit+RD3_bit+RD4_bit;
0x02F7	0x3000      	MOVLW      0
0x02F8	0x1808      	BTFSC      RD0_bit, BitPos(RD0_bit+0)
0x02F9	0x3001      	MOVLW      1
0x02FA	0x1683      	BSF        STATUS, 5
0x02FB	0x00A0      	MOVWF      main_Pollo_Kg_L0
0x02FC	0x01A1      	CLRF       main_Pollo_Kg_L0+1
0x02FD	0x01F0      	CLRF       R0
0x02FE	0x1283      	BCF        STATUS, 5
0x02FF	0x1888      	BTFSC      RD1_bit, BitPos(RD1_bit+0)
0x0300	0x0AF0      	INCF       R0, 1
0x0301	0x0870      	MOVF       R0, 0
0x0302	0x1683      	BSF        STATUS, 5
0x0303	0x07A0      	ADDWF      main_Pollo_Kg_L0, 1
0x0304	0x01A1      	CLRF       main_Pollo_Kg_L0+1
0x0305	0x1803      	BTFSC      STATUS, 0
0x0306	0x0AA1      	INCF       main_Pollo_Kg_L0+1, 1
0x0307	0x01F0      	CLRF       R0
0x0308	0x1283      	BCF        STATUS, 5
0x0309	0x1908      	BTFSC      RD2_bit, BitPos(RD2_bit+0)
0x030A	0x0AF0      	INCF       R0, 1
0x030B	0x0870      	MOVF       R0, 0
0x030C	0x1683      	BSF        STATUS, 5
0x030D	0x07A0      	ADDWF      main_Pollo_Kg_L0, 1
0x030E	0x1803      	BTFSC      STATUS, 0
0x030F	0x0AA1      	INCF       main_Pollo_Kg_L0+1, 1
0x0310	0x01F0      	CLRF       R0
0x0311	0x1283      	BCF        STATUS, 5
0x0312	0x1988      	BTFSC      RD3_bit, BitPos(RD3_bit+0)
0x0313	0x0AF0      	INCF       R0, 1
0x0314	0x0870      	MOVF       R0, 0
0x0315	0x1683      	BSF        STATUS, 5
0x0316	0x07A0      	ADDWF      main_Pollo_Kg_L0, 1
0x0317	0x1803      	BTFSC      STATUS, 0
0x0318	0x0AA1      	INCF       main_Pollo_Kg_L0+1, 1
0x0319	0x01F0      	CLRF       R0
0x031A	0x1283      	BCF        STATUS, 5
0x031B	0x1A08      	BTFSC      RD4_bit, BitPos(RD4_bit+0)
0x031C	0x0AF0      	INCF       R0, 1
0x031D	0x0870      	MOVF       R0, 0
0x031E	0x1683      	BSF        STATUS, 5
0x031F	0x07A0      	ADDWF      main_Pollo_Kg_L0, 1
0x0320	0x1803      	BTFSC      STATUS, 0
0x0321	0x0AA1      	INCF       main_Pollo_Kg_L0+1, 1
;ProyectoFinal.c,96 :: 		Leche_Total = RA3_bit+RA4_bit+RA5_bit+RA6_bit+RA7_bit;
0x0322	0x3000      	MOVLW      0
0x0323	0x1283      	BCF        STATUS, 5
0x0324	0x1985      	BTFSC      RA3_bit, BitPos(RA3_bit+0)
0x0325	0x3001      	MOVLW      1
0x0326	0x1683      	BSF        STATUS, 5
0x0327	0x00A2      	MOVWF      main_Leche_Total_L0
0x0328	0x01A3      	CLRF       main_Leche_Total_L0+1
0x0329	0x01F0      	CLRF       R0
0x032A	0x1283      	BCF        STATUS, 5
0x032B	0x1A05      	BTFSC      RA4_bit, BitPos(RA4_bit+0)
0x032C	0x0AF0      	INCF       R0, 1
0x032D	0x0870      	MOVF       R0, 0
0x032E	0x1683      	BSF        STATUS, 5
0x032F	0x07A2      	ADDWF      main_Leche_Total_L0, 1
0x0330	0x01A3      	CLRF       main_Leche_Total_L0+1
0x0331	0x1803      	BTFSC      STATUS, 0
0x0332	0x0AA3      	INCF       main_Leche_Total_L0+1, 1
0x0333	0x01F0      	CLRF       R0
0x0334	0x1283      	BCF        STATUS, 5
0x0335	0x1A85      	BTFSC      RA5_bit, BitPos(RA5_bit+0)
0x0336	0x0AF0      	INCF       R0, 1
0x0337	0x0870      	MOVF       R0, 0
0x0338	0x1683      	BSF        STATUS, 5
0x0339	0x07A2      	ADDWF      main_Leche_Total_L0, 1
0x033A	0x1803      	BTFSC      STATUS, 0
0x033B	0x0AA3      	INCF       main_Leche_Total_L0+1, 1
0x033C	0x01F0      	CLRF       R0
0x033D	0x1283      	BCF        STATUS, 5
0x033E	0x1B05      	BTFSC      RA6_bit, BitPos(RA6_bit+0)
0x033F	0x0AF0      	INCF       R0, 1
0x0340	0x0870      	MOVF       R0, 0
0x0341	0x1683      	BSF        STATUS, 5
0x0342	0x07A2      	ADDWF      main_Leche_Total_L0, 1
0x0343	0x1803      	BTFSC      STATUS, 0
0x0344	0x0AA3      	INCF       main_Leche_Total_L0+1, 1
0x0345	0x01F0      	CLRF       R0
0x0346	0x1283      	BCF        STATUS, 5
0x0347	0x1B85      	BTFSC      RA7_bit, BitPos(RA7_bit+0)
0x0348	0x0AF0      	INCF       R0, 1
0x0349	0x0870      	MOVF       R0, 0
0x034A	0x1683      	BSF        STATUS, 5
0x034B	0x07A2      	ADDWF      main_Leche_Total_L0, 1
0x034C	0x1803      	BTFSC      STATUS, 0
0x034D	0x0AA3      	INCF       main_Leche_Total_L0+1, 1
;ProyectoFinal.c,98 :: 		if ((Carne_Kg==0)||(Pollo_Kg==0)||(Leche_Total==0)){
0x034E	0x3000      	MOVLW      0
0x034F	0x0672      	XORWF      R1+1, 0
0x0350	0x1D03      	BTFSS      STATUS, 2
0x0351	0x2B54      	GOTO       L__main21
0x0352	0x3000      	MOVLW      0
0x0353	0x0671      	XORWF      R1, 0
L__main21:
0x0354	0x1903      	BTFSC      STATUS, 2
0x0355	0x2B67      	GOTO       L__main16
0x0356	0x3000      	MOVLW      0
0x0357	0x0621      	XORWF      main_Pollo_Kg_L0+1, 0
0x0358	0x1D03      	BTFSS      STATUS, 2
0x0359	0x2B5C      	GOTO       L__main22
0x035A	0x3000      	MOVLW      0
0x035B	0x0620      	XORWF      main_Pollo_Kg_L0, 0
L__main22:
0x035C	0x1903      	BTFSC      STATUS, 2
0x035D	0x2B67      	GOTO       L__main16
0x035E	0x3000      	MOVLW      0
0x035F	0x0623      	XORWF      main_Leche_Total_L0+1, 0
0x0360	0x1D03      	BTFSS      STATUS, 2
0x0361	0x2B64      	GOTO       L__main23
0x0362	0x3000      	MOVLW      0
0x0363	0x0622      	XORWF      main_Leche_Total_L0, 0
L__main23:
0x0364	0x1903      	BTFSC      STATUS, 2
0x0365	0x2B67      	GOTO       L__main16
0x0366	0x2B7A      	GOTO       L_main14
L__main16:
;ProyectoFinal.c,99 :: 		transmision("ATD0991255666;\r");
0x0367	0x302A      	MOVLW      ?lstr4_ProyectoFinal
0x0368	0x00A4      	MOVWF      FARG_transmision_cadena
0x0369	0x2208      	CALL       _transmision
;ProyectoFinal.c,100 :: 		Delay_ms(15000);
0x036A	0x3099      	MOVLW      153
0x036B	0x00FB      	MOVWF      R11
0x036C	0x3031      	MOVLW      49
0x036D	0x00FC      	MOVWF      R12
0x036E	0x30A2      	MOVLW      162
0x036F	0x00FD      	MOVWF      R13
L_main15:
0x0370	0x0BFD      	DECFSZ     R13, 1
0x0371	0x2B70      	GOTO       L_main15
0x0372	0x0BFC      	DECFSZ     R12, 1
0x0373	0x2B70      	GOTO       L_main15
0x0374	0x0BFB      	DECFSZ     R11, 1
0x0375	0x2B70      	GOTO       L_main15
0x0376	0x0000      	NOP
;ProyectoFinal.c,101 :: 		transmision("ATH\r");
0x0377	0x3050      	MOVLW      ?lstr5_ProyectoFinal
0x0378	0x00A4      	MOVWF      FARG_transmision_cadena
0x0379	0x2208      	CALL       _transmision
;ProyectoFinal.c,102 :: 		}
L_main14:
;ProyectoFinal.c,107 :: 		ByteToStr(Carne_Kg,txt);
0x037A	0x1283      	BCF        STATUS, 5
0x037B	0x086E      	MOVF       main_Carne_Kg_L0, 0
0x037C	0x1683      	BSF        STATUS, 5
0x037D	0x00A4      	MOVWF      FARG_ByteToStr_input
0x037E	0x3064      	MOVLW      _txt
0x037F	0x00A5      	MOVWF      FARG_ByteToStr_output
0x0380	0x20BA      	CALL       _ByteToStr
;ProyectoFinal.c,108 :: 		ByteToStr(Pollo_Kg,txt2);
0x0381	0x0820      	MOVF       main_Pollo_Kg_L0, 0
0x0382	0x00A4      	MOVWF      FARG_ByteToStr_input
0x0383	0x3068      	MOVLW      _txt2
0x0384	0x00A5      	MOVWF      FARG_ByteToStr_output
0x0385	0x20BA      	CALL       _ByteToStr
;ProyectoFinal.c,109 :: 		ByteToStr(Leche_Total,txt3);
0x0386	0x0822      	MOVF       main_Leche_Total_L0, 0
0x0387	0x00A4      	MOVWF      FARG_ByteToStr_input
0x0388	0x3060      	MOVLW      _txt3
0x0389	0x00A5      	MOVWF      FARG_ByteToStr_output
0x038A	0x20BA      	CALL       _ByteToStr
;ProyectoFinal.c,110 :: 		Lcd_Out(1,1,"C:");
0x038B	0x3001      	MOVLW      1
0x038C	0x00A4      	MOVWF      FARG_Lcd_Out_row
0x038D	0x3001      	MOVLW      1
0x038E	0x00A5      	MOVWF      FARG_Lcd_Out_column
0x038F	0x3055      	MOVLW      ?lstr6_ProyectoFinal
0x0390	0x00A6      	MOVWF      FARG_Lcd_Out_text
0x0391	0x20EE      	CALL       _Lcd_Out
;ProyectoFinal.c,111 :: 		Lcd_Out(1,3,txt);
0x0392	0x3001      	MOVLW      1
0x0393	0x1683      	BSF        STATUS, 5
0x0394	0x00A4      	MOVWF      FARG_Lcd_Out_row
0x0395	0x3003      	MOVLW      3
0x0396	0x00A5      	MOVWF      FARG_Lcd_Out_column
0x0397	0x3064      	MOVLW      _txt
0x0398	0x00A6      	MOVWF      FARG_Lcd_Out_text
0x0399	0x20EE      	CALL       _Lcd_Out
;ProyectoFinal.c,112 :: 		Lcd_Out(1,8,"P:");
0x039A	0x3001      	MOVLW      1
0x039B	0x1683      	BSF        STATUS, 5
0x039C	0x00A4      	MOVWF      FARG_Lcd_Out_row
0x039D	0x3008      	MOVLW      8
0x039E	0x00A5      	MOVWF      FARG_Lcd_Out_column
0x039F	0x3058      	MOVLW      ?lstr7_ProyectoFinal
0x03A0	0x00A6      	MOVWF      FARG_Lcd_Out_text
0x03A1	0x20EE      	CALL       _Lcd_Out
;ProyectoFinal.c,113 :: 		Lcd_Out(1,10,txt2);
0x03A2	0x3001      	MOVLW      1
0x03A3	0x1683      	BSF        STATUS, 5
0x03A4	0x00A4      	MOVWF      FARG_Lcd_Out_row
0x03A5	0x300A      	MOVLW      10
0x03A6	0x00A5      	MOVWF      FARG_Lcd_Out_column
0x03A7	0x3068      	MOVLW      _txt2
0x03A8	0x00A6      	MOVWF      FARG_Lcd_Out_text
0x03A9	0x20EE      	CALL       _Lcd_Out
;ProyectoFinal.c,114 :: 		Lcd_Out(2,1,"L:");
0x03AA	0x3002      	MOVLW      2
0x03AB	0x1683      	BSF        STATUS, 5
0x03AC	0x00A4      	MOVWF      FARG_Lcd_Out_row
0x03AD	0x3001      	MOVLW      1
0x03AE	0x00A5      	MOVWF      FARG_Lcd_Out_column
0x03AF	0x3020      	MOVLW      ?lstr8_ProyectoFinal
0x03B0	0x00A6      	MOVWF      FARG_Lcd_Out_text
0x03B1	0x20EE      	CALL       _Lcd_Out
;ProyectoFinal.c,115 :: 		Lcd_Out(2,3,txt3);
0x03B2	0x3002      	MOVLW      2
0x03B3	0x1683      	BSF        STATUS, 5
0x03B4	0x00A4      	MOVWF      FARG_Lcd_Out_row
0x03B5	0x3003      	MOVLW      3
0x03B6	0x00A5      	MOVWF      FARG_Lcd_Out_column
0x03B7	0x3060      	MOVLW      _txt3
0x03B8	0x00A6      	MOVWF      FARG_Lcd_Out_text
0x03B9	0x20EE      	CALL       _Lcd_Out
;ProyectoFinal.c,118 :: 		} while(1);
0x03BA	0x2AA8      	GOTO       L_main5
;ProyectoFinal.c,121 :: 		}
L_end_main:
0x03BB	0x2BBB      	GOTO       $+0
; end of _main
0x03FC	0x3020      	MOVLW      32
0x03FD	0x0084      	MOVWF      FSR
0x03FE	0x303B      	MOVLW      59
0x03FF	0x1283      	BCF        STATUS, 5
0x0400	0x1303      	BCF        STATUS, 6
0x0401	0x00F0      	MOVWF      R0
0x0402	0x30C1      	MOVLW      193
0x0403	0x00DC      	MOVWF      ___DoICPAddr
0x0404	0x3003      	MOVLW      3
0x0405	0x00DD      	MOVWF      93
0x0406	0x218A      	CALL       394
0x0407	0x0008      	RETURN
;ProyectoFinal.c,0 :: ?ICS?lstr8_ProyectoFinal
0x03C1	0x344C ;?ICS?lstr8_ProyectoFinal+0
0x03C2	0x343A ;?ICS?lstr8_ProyectoFinal+1
0x03C3	0x3400 ;?ICS?lstr8_ProyectoFinal+2
; end of ?ICS?lstr8_ProyectoFinal
;ProyectoFinal.c,0 :: ?ICS?lstr1_ProyectoFinal
0x03C4	0x344E ;?ICS?lstr1_ProyectoFinal+0
0x03C5	0x3465 ;?ICS?lstr1_ProyectoFinal+1
0x03C6	0x3476 ;?ICS?lstr1_ProyectoFinal+2
0x03C7	0x3465 ;?ICS?lstr1_ProyectoFinal+3
0x03C8	0x3472 ;?ICS?lstr1_ProyectoFinal+4
0x03C9	0x3461 ;?ICS?lstr1_ProyectoFinal+5
0x03CA	0x3400 ;?ICS?lstr1_ProyectoFinal+6
; end of ?ICS?lstr1_ProyectoFinal
;ProyectoFinal.c,0 :: ?ICS?lstr4_ProyectoFinal
0x03CB	0x3441 ;?ICS?lstr4_ProyectoFinal+0
0x03CC	0x3454 ;?ICS?lstr4_ProyectoFinal+1
0x03CD	0x3444 ;?ICS?lstr4_ProyectoFinal+2
0x03CE	0x3430 ;?ICS?lstr4_ProyectoFinal+3
0x03CF	0x3439 ;?ICS?lstr4_ProyectoFinal+4
0x03D0	0x3439 ;?ICS?lstr4_ProyectoFinal+5
0x03D1	0x3431 ;?ICS?lstr4_ProyectoFinal+6
0x03D2	0x3432 ;?ICS?lstr4_ProyectoFinal+7
0x03D3	0x3435 ;?ICS?lstr4_ProyectoFinal+8
0x03D4	0x3435 ;?ICS?lstr4_ProyectoFinal+9
0x03D5	0x3436 ;?ICS?lstr4_ProyectoFinal+10
0x03D6	0x3436 ;?ICS?lstr4_ProyectoFinal+11
0x03D7	0x3436 ;?ICS?lstr4_ProyectoFinal+12
0x03D8	0x343B ;?ICS?lstr4_ProyectoFinal+13
0x03D9	0x340D ;?ICS?lstr4_ProyectoFinal+14
0x03DA	0x3400 ;?ICS?lstr4_ProyectoFinal+15
; end of ?ICS?lstr4_ProyectoFinal
;ProyectoFinal.c,0 :: ?ICS?lstr2_ProyectoFinal
0x03DB	0x3449 ;?ICS?lstr2_ProyectoFinal+0
0x03DC	0x346E ;?ICS?lstr2_ProyectoFinal+1
0x03DD	0x3474 ;?ICS?lstr2_ProyectoFinal+2
0x03DE	0x3465 ;?ICS?lstr2_ProyectoFinal+3
0x03DF	0x346C ;?ICS?lstr2_ProyectoFinal+4
0x03E0	0x3469 ;?ICS?lstr2_ProyectoFinal+5
0x03E1	0x3467 ;?ICS?lstr2_ProyectoFinal+6
0x03E2	0x3465 ;?ICS?lstr2_ProyectoFinal+7
0x03E3	0x346E ;?ICS?lstr2_ProyectoFinal+8
0x03E4	0x3474 ;?ICS?lstr2_ProyectoFinal+9
0x03E5	0x3465 ;?ICS?lstr2_ProyectoFinal+10
0x03E6	0x3400 ;?ICS?lstr2_ProyectoFinal+11
; end of ?ICS?lstr2_ProyectoFinal
;ProyectoFinal.c,0 :: ?ICS?lstr3_ProyectoFinal
0x03E7	0x3449 ;?ICS?lstr3_ProyectoFinal+0
0x03E8	0x346E ;?ICS?lstr3_ProyectoFinal+1
0x03E9	0x3469 ;?ICS?lstr3_ProyectoFinal+2
0x03EA	0x3463 ;?ICS?lstr3_ProyectoFinal+3
0x03EB	0x3469 ;?ICS?lstr3_ProyectoFinal+4
0x03EC	0x3461 ;?ICS?lstr3_ProyectoFinal+5
0x03ED	0x346E ;?ICS?lstr3_ProyectoFinal+6
0x03EE	0x3464 ;?ICS?lstr3_ProyectoFinal+7
0x03EF	0x346F ;?ICS?lstr3_ProyectoFinal+8
0x03F0	0x3400 ;?ICS?lstr3_ProyectoFinal+9
; end of ?ICS?lstr3_ProyectoFinal
;ProyectoFinal.c,0 :: ?ICS?lstr5_ProyectoFinal
0x03F1	0x3441 ;?ICS?lstr5_ProyectoFinal+0
0x03F2	0x3454 ;?ICS?lstr5_ProyectoFinal+1
0x03F3	0x3448 ;?ICS?lstr5_ProyectoFinal+2
0x03F4	0x340D ;?ICS?lstr5_ProyectoFinal+3
0x03F5	0x3400 ;?ICS?lstr5_ProyectoFinal+4
; end of ?ICS?lstr5_ProyectoFinal
;ProyectoFinal.c,0 :: ?ICS?lstr6_ProyectoFinal
0x03F6	0x3443 ;?ICS?lstr6_ProyectoFinal+0
0x03F7	0x343A ;?ICS?lstr6_ProyectoFinal+1
0x03F8	0x3400 ;?ICS?lstr6_ProyectoFinal+2
; end of ?ICS?lstr6_ProyectoFinal
;ProyectoFinal.c,0 :: ?ICS?lstr7_ProyectoFinal
0x03F9	0x3450 ;?ICS?lstr7_ProyectoFinal+0
0x03FA	0x343A ;?ICS?lstr7_ProyectoFinal+1
0x03FB	0x3400 ;?ICS?lstr7_ProyectoFinal+2
; end of ?ICS?lstr7_ProyectoFinal
Symbol List:
//** Routines locations **
//ADDRESS    SIZE    PROCEDURE
//----------------------------------------------
0x0003       [3]    _Delay_1us
0x0006      [13]    _Delay_5500us
0x0013       [7]    _Delay_50us
0x001A      [87]    _Lcd_Cmd
0x0071       [7]    _____DoICP
0x0078       [8]    _Delay_22us
0x0080      [22]    _strlen
0x0096      [17]    _Div_8X8_U
0x00A7      [10]    _UART1_Write
0x00B1       [9]    _Lcd_Chr_CP
0x00BA      [52]    _ByteToStr
0x00EE      [67]    _Lcd_Out
0x0131      [17]    _Delay_1sec
0x0142      [43]    _Mul_16X16_U
0x016D      [29]    _Div_16X16_U
0x018A      [12]    ___CC2DW
0x0196      [36]    _ADC_Read
0x01BA      [78]    _Lcd_Init
0x0208      [58]    _transmision
0x0242      [16]    _UART1_Init
0x0252     [361]    _main
//** Variables locations ** 
//ADDRESS    SIZE    VARIABLE
//----------------------------------------------
0x0000       [1]    INDF
0x0002       [1]    PCL
0x0003       [1]    STATUS
0x0004       [1]    FSR
0x0005       [0]    RA0_bit
0x0005       [0]    RA1_bit
0x0005       [0]    RA3_bit
0x0005       [0]    RA6_bit
0x0005       [0]    RA7_bit
0x0005       [0]    RA5_bit
0x0005       [0]    RA4_bit
0x0006       [0]    LCD_D5
0x0006       [0]    RB6_bit
0x0006       [0]    RB5_bit
0x0006       [0]    LCD_D4
0x0006       [0]    LCD_RS
0x0006       [0]    RB0_bit
0x0006       [0]    LCD_EN
0x0006       [0]    LCD_D7
0x0006       [0]    RB1_bit
0x0006       [0]    RB4_bit
0x0006       [0]    LCD_D6
0x0006       [0]    RB2_bit
0x0006       [0]    RB3_bit
0x0006       [0]    RB7_bit
0x0007       [0]    RC0_bit
0x0008       [0]    RD7_bit
0x0008       [0]    RD3_bit
0x0008       [0]    RD6_bit
0x0008       [0]    RD1_bit
0x0008       [0]    RD5_bit
0x0008       [0]    RD2_bit
0x0008       [0]    RD0_bit
0x0008       [0]    RD4_bit
0x0009       [0]    RE0_bit
0x000A       [1]    PCLATH
0x000C       [1]    PIR1
0x0018       [1]    RCSTA
0x0019       [1]    TXREG
0x001A       [1]    RCREG
0x001E       [1]    ADRESH
0x001F       [1]    ADCON0
0x0020       [3]    ?lstr8_ProyectoFinal
0x0023       [7]    ?lstr1_ProyectoFinal
0x002A      [16]    ?lstr4_ProyectoFinal
0x003A      [12]    ?lstr2_ProyectoFinal
0x0046      [10]    ?lstr3_ProyectoFinal
0x0050       [5]    ?lstr5_ProyectoFinal
0x0055       [3]    ?lstr6_ProyectoFinal
0x0058       [3]    ?lstr7_ProyectoFinal
0x005B       [0]    __Lib_Lcd_cmd_status
0x005C       [2]    ___DoICPAddr
0x005E       [2]    _lm35
0x0060       [4]    _txt3
0x0064       [4]    _txt
0x0068       [4]    _txt2
0x006C       [2]    main_temperatura_L0
0x006E       [2]    main_Carne_Kg_L0
0x0070       [1]    R0
0x0071       [1]    R1
0x0072       [1]    R2
0x0073       [1]    R3
0x0074       [1]    R4
0x0075       [1]    R5
0x0076       [1]    R6
0x0077       [1]    R7
0x0078       [1]    R8
0x0079       [1]    R9
0x007A       [1]    R10
0x007B       [1]    R11
0x007C       [1]    R12
0x007D       [1]    R13
0x007E       [1]    R14
0x007F       [1]    R15
0x0085       [1]    TRISA
0x0086       [0]    TRISB0_bit
0x0086       [0]    LCD_D6_Direction
0x0086       [0]    LCD_D5_Direction
0x0086       [1]    TRISB
0x0086       [0]    TRISB1_bit
0x0086       [0]    TRISB2_bit
0x0086       [0]    LCD_RS_Direction
0x0086       [0]    TRISB4_bit
0x0086       [0]    LCD_D4_Direction
0x0086       [0]    LCD_EN_Direction
0x0086       [0]    LCD_D7_Direction
0x0086       [0]    TRISB5_bit
0x0086       [0]    TRISB3_bit
0x0087       [1]    TRISC
0x0087       [0]    TRISC7_bit
0x0087       [0]    TRISC6_bit
0x0088       [1]    TRISD
0x0089       [1]    TRISE
0x0098       [1]    TXSTA
0x0099       [1]    SPBRG
0x009A       [1]    SPBRGH
0x009E       [1]    ADRESL
0x009F       [1]    ADCON1
0x00A0       [2]    main_Pollo_Kg_L0
0x00A2       [2]    main_Leche_Total_L0
0x00A4       [1]    FARG_transmision_cadena
0x00A4       [1]    FARG_Lcd_Out_row
0x00A4       [1]    FARG_ADC_Read_channel
0x00A4       [1]    FARG_ByteToStr_input
0x00A5       [1]    FARG_Lcd_Out_column
0x00A5       [2]    transmision_size_L0
0x00A5       [1]    FARG_ByteToStr_output
0x00A6       [1]    FARG_Lcd_Out_text
0x00A6       [1]    ByteToStr_DigitPos_L0
0x00A7       [1]    Lcd_Out_i_L0
0x00A7       [1]    FLOC__ByteToStr
0x00A7       [2]    transmision_i_L0
0x00A9       [1]    FARG_Lcd_Chr_CP_out_char
0x00A9       [1]    FARG_strlen_s
0x00A9       [1]    FARG_UART1_Write_data_
0x00AA       [1]    FARG_Lcd_Cmd_out_char
0x0107       [0]    C1ON_bit
0x0108       [0]    C2ON_bit
0x0188       [1]    ANSEL
0x0189       [1]    ANSELH
//** Constants locations ** 
//ADDRESS    SIZE    CONSTANT
//----------------------------------------------
0x03C1       [3]    ?ICS?lstr8_ProyectoFinal
0x03C4       [7]    ?ICS?lstr1_ProyectoFinal
0x03CB      [16]    ?ICS?lstr4_ProyectoFinal
0x03DB      [12]    ?ICS?lstr2_ProyectoFinal
0x03E7      [10]    ?ICS?lstr3_ProyectoFinal
0x03F1       [5]    ?ICS?lstr5_ProyectoFinal
0x03F6       [3]    ?ICS?lstr6_ProyectoFinal
0x03F9       [3]    ?ICS?lstr7_ProyectoFinal
//** Label List: ** 
//----------------------------------------------
  L_transmision0
  L_transmision1
  L_transmision2
  L_transmision3
  L_transmision4
  L_main5
  L_main6
  L_main7
  L_main8
  L_main9
  L_main10
  L_main11
  L_main12
  L_main13
  L_main14
  L_main15
  L__main16
  L_end_transmision
  _transmision
  L__transmision18
  L_end_main
  _main
  L__main20
  L__main21
  L__main22
  L__main23
  L_ADC_Get_Sample0
  L_ADC_Get_Sample1
  L_ADC_Read2
  L_ADC_Read3
  L_end_ADC_Init
  _ADC_Init
  L_end_ADC_Get_Sample
  _ADC_Get_Sample
  L_end_ADC_Read
  _ADC_Read
  L_ByteToStr0
  L_ByteToStr1
  L_ByteToStr2
  L_ByteToStr3
  L_ByteToStr4
  L_ByteToStr5
  L_WordToStr6
  L_WordToStr7
  L_WordToStr8
  L_WordToStr9
  L_WordToStr10
  L_WordToStr11
  L_WordToStrWithZeros12
  L_WordToStrWithZeros13
  L_WordToStrWithZeros14
  L_WordToStrWithZeros15
  L_WordToStrWithZeros16
  L_ShortToStr17
  L_ShortToStr18
  L_ShortToStr19
  L_ShortToStr20
  L_ShortToStr21
  L_ShortToStr22
  L_IntToStr23
  L_IntToStr24
  L_IntToStr25
  L_IntToStr26
  L_IntToStr27
  L_IntToStr28
  L_IntToStrWithZeros29
  L_IntToStrWithZeros30
  L_IntToStrWithZeros31
  L_IntToStrWithZeros32
  L_IntToStrWithZeros33
  L_IntToStrWithZeros34
  L_IntToStrWithZeros35
  L_IntToStrWithZeros36
  L_IntToStrWithZeros37
  L_LongWordToStr38
  L_LongWordToStr39
  L_LongWordToStr40
  L_LongWordToStr41
  L_LongWordToStr42
  L_LongWordToStr43
  L_LongWordToStrWithZeros44
  L_LongWordToStrWithZeros45
  L_LongWordToStrWithZeros46
  L_LongWordToStrWithZeros47
  L_LongWordToStrWithZeros48
  L_LongToStr49
  L_LongToStr50
  L_LongToStr51
  L_LongToStr52
  L_LongToStr53
  L_LongToStr54
  L_LongIntToStrWithZeros55
  L_LongIntToStrWithZeros56
  L_LongIntToStrWithZeros57
  L_LongIntToStrWithZeros58
  L_LongIntToStrWithZeros59
  L_LongIntToStrWithZeros60
  L_LongIntToStrWithZeros61
  L_LongIntToStrWithZeros62
  L_LongIntToStrWithZeros63
  L_Dec2Bcd64
  L_Dec2Bcd65
  L_Rtrim66
  L_Rtrim67
  L_Rtrim68
  L_Rtrim69
  L_Ltrim70
  L_Ltrim71
  L_Ltrim72
  L_Ltrim73
  L_Ltrim74
  L_Ltrim75
  L_FloatToStr76
  L_FloatToStr77
  L_FloatToStr78
  L_FloatToStr79
  L_FloatToStr80
  L_FloatToStr81
  L_FloatToStr82
  L_FloatToStr83
  L_FloatToStr84
  L_FloatToStr85
  L_FloatToStr86
  L_FloatToStr87
  L_FloatToStr88
  L_FloatToStr89
  L_FloatToStr90
  L_FloatToStr91
  L_FloatToStr92
  L_FloatToStr93
  L_FloatToStr94
  L_FloatToStr95
  L_FloatToStr96
  L_FloatToStr97
  L__Rtrim98
  L__Ltrim99
  L__FloatToStr100
  L_end_ByteToHex
  _ByteToHex
  L_end_ShortToHex
  _ShortToHex
  L_end_WordToHex
  _WordToHex
  L_end_IntToHex
  _IntToHex
  L_end_LongWordToHex
  _LongWordToHex
  L_end_LongIntToHex
  _LongIntToHex
  L_end_ByteToStr
  _ByteToStr
  L_end_WordToStr
  _WordToStr
  L__WordToStr109
  L_end_WordToStrWithZeros
  _WordToStrWithZeros
  L__WordToStrWithZeros111
  L_end_ShortToStr
  _ShortToStr
  L__ShortToStr113
  L_end_IntToStr
  _IntToStr
  L__IntToStr115
  L__IntToStr116
  L_end_IntToStrWithZeros
  _IntToStrWithZeros
  L__IntToStrWithZeros118
  L__IntToStrWithZeros119
  L__IntToStrWithZeros120
  L_end_LongWordToStr
  _LongWordToStr
  L__LongWordToStr122
  L__LongWordToStr123
  L_end_LongWordToStrWithZeros
  _LongWordToStrWithZeros
  L__LongWordToStrWithZeros125
  L_end_LongToStr
  _LongToStr
  L__LongToStr127
  L__LongToStr128
  L_end_LongIntToStrWithZeros
  _LongIntToStrWithZeros
  L__LongIntToStrWithZeros130
  L__LongIntToStrWithZeros131
  L__LongIntToStrWithZeros132
  L_end_Dec2Bcd
  _Dec2Bcd
  L_end_Bcd2Dec
  _Bcd2Dec
  L_end_Bcd2Dec16
  _Bcd2Dec16
  L__Bcd2Dec16136
  L__Bcd2Dec16137
  L_end_Dec2Bcd16
  _Dec2Bcd16
  L__Dec2Bcd16139
  L__Dec2Bcd16140
  L_end_Rtrim
  _Rtrim
  L_end_Ltrim
  _Ltrim
  L_end_FloatToStr
  _FloatToStr
  L__FloatToStr144
  L__FloatToStr145
  L__FloatToStr146
  L__FloatToStr147
  L__FloatToStr148
  L_memchr0
  L_memchr1
  L_memchr2
  L_memchr3
  L_memcmp4
  L_memcmp5
  L_memcmp6
  L_memcpy7
  L_memcpy8
  L_memmove9
  L_memmove10
  L_memmove11
  L_memmove12
  L_memmove13
  L_memmove14
  L_memmove15
  L_memmove16
  L_memmove17
  L_memmove18
  L_memmove19
  L_memset20
  L_memset21
  L_strcat22
  L_strcat23
  L_strcat24
  L_strcat25
  L_strchr26
  L_strchr27
  L_strchr28
  L_strchr29
  L_strcmp30
  L_strcmp31
  L_strcmp32
  L_strcmp33
  L_strcpy34
  L_strcpy35
  L_strlen36
  L_strlen37
  L_strncat38
  L_strncat39
  L_strncat40
  L_strncat41
  L_strncat42
  L_strncat43
  L_strncat44
  L_strncpy45
  L_strncpy46
  L_strncpy47
  L_strncpy48
  L_strncpy49
  L_strspn50
  L_strspn51
  L_strspn52
  L_strspn53
  L_strcspn54
  L_strcspn55
  L_strcspn56
  L_strcspn57
  L_strncmp58
  L_strncmp59
  L_strncmp60
  L_strncmp61
  L_strncmp62
  L_strpbrk63
  L_strpbrk64
  L_strpbrk65
  L_strrchr66
  L_strrchr67
  L_strrchr68
  L_strrchr69
  L_strstr70
  L_strstr71
  L_strstr72
  L_strstr73
  L_strstr74
  L_strtok75
  L_strtok76
  L_strtok77
  L_strtok78
  L_strtok79
  L__memmove80
  L__strcmp81
  L__strncat82
  L__strspn83
  L__strcspn84
  L__strncmp85
  L__strstr86
  L_end_memchr
  _memchr
  L_end_memcmp
  _memcmp
  L__memcmp89
  L_end_memcpy
  _memcpy
  L_end_memmove
  _memmove
  L_end_memset
  _memset
  L_end_strcat
  _strcat
  L_end_strchr
  _strchr
  L_end_strcmp
  _strcmp
  L_end_strcpy
  _strcpy
  L_end_strlen
  _strlen
  L_end_strncat
  _strncat
  L__strncat99
  L_end_strncpy
  _strncpy
  L_end_strspn
  _strspn
  L_end_strcspn
  _strcspn
  L_end_strncmp
  _strncmp
  L_end_strpbrk
  _strpbrk
  L_end_strrchr
  _strrchr
  L_end_strstr
  _strstr
  L__strstr107
  L_end_strtok
  _strtok
  L_Delay_10us0
  L_Delay_22us1
  L_Delay_50us2
  L_Delay_80us3
  L_Delay_500us4
  L_Delay_5500us5
  L_Delay_1ms6
  L_Delay_5ms7
  L_Delay_8ms8
  L_Delay_10ms9
  L_Delay_100ms10
  L_Delay_1sec11
  L_boot16_Delay_5ms12
  L_Delay_Cyc13
  L_Delay_Cyc14
  L_VDelay_ms15
  L_VDelay_ms16
  L_VDelay_ms17
  L_VDelay_Advanced_ms18
  L_VDelay_Advanced_ms19
  L_VDelay_Advanced_ms20
  L_end_Get_Fosc_kHz
  _Get_Fosc_kHz
  L_end_Delay_1us
  _Delay_1us
  L_end_Delay_10us
  _Delay_10us
  L_end_Delay_22us
  _Delay_22us
  L_end_Delay_50us
  _Delay_50us
  L_end_Delay_80us
  _Delay_80us
  L_end_Delay_500us
  _Delay_500us
  L_end_Delay_5500us
  _Delay_5500us
  L_end_Delay_1ms
  _Delay_1ms
  L_end_Delay_5ms
  _Delay_5ms
  L_end_Delay_8ms
  _Delay_8ms
  L_end_Delay_10ms
  _Delay_10ms
  L_end_Delay_100ms
  _Delay_100ms
  L_end_Delay_1sec
  _Delay_1sec
  L_end_boot16_Delay_5ms
  _boot16_Delay_5ms
  L_end_Delay_Cyc
  _Delay_Cyc
  L_end_VDelay_ms
  _VDelay_ms
  L__VDelay_ms38
  L__VDelay_ms39
  L__VDelay_ms40
  L_end_VDelay_Advanced_ms
  _VDelay_Advanced_ms
  L__VDelay_Advanced_ms42
  L__VDelay_Advanced_ms43
  L__VDelay_Advanced_ms44
  L_Lcd_Cmd0
  L_Lcd_Cmd1
  L_Lcd_Out_CP2
  L_Lcd_Out_CP3
  L_Lcd_Chr4
  L_Lcd_Chr5
  L_Lcd_Chr6
  L_Lcd_Chr7
  L_Lcd_Chr8
  L_Lcd_Chr9
  L_Lcd_Chr10
  L_Lcd_Out11
  L_Lcd_Out12
  L_Lcd_Out13
  L_Lcd_Out14
  L_Lcd_Out15
  L_Lcd_Out16
  L_Lcd_Out17
  L_Lcd_Out18
  L_Lcd_Out19
  L_end_Lcd_Cmd
  _Lcd_Cmd
  L__Lcd_Cmd21
  L__Lcd_Cmd22
  L__Lcd_Cmd23
  L__Lcd_Cmd24
  L__Lcd_Cmd25
  L__Lcd_Cmd26
  L__Lcd_Cmd27
  L__Lcd_Cmd28
  L__Lcd_Cmd29
  L__Lcd_Cmd30
  L__Lcd_Cmd31
  L__Lcd_Cmd32
  L__Lcd_Cmd33
  L__Lcd_Cmd34
  L__Lcd_Cmd35
  L__Lcd_Cmd36
  L__Lcd_Cmd37
  L__Lcd_Cmd38
  L__Lcd_Cmd39
  L__Lcd_Cmd40
  L_end_Lcd_Chr_CP
  _Lcd_Chr_CP
  L_end_Lcd_Out_CP
  _Lcd_Out_CP
  L_end_Lcd_Chr
  _Lcd_Chr
  L_end_Lcd_Init
  _Lcd_Init
  L_end_Lcd_Out
  _Lcd_Out
  L_Div_16x16_S0
  L_Div_16x16_S1
  LOOPS3232A
  SADD22LA
  SOK22LA
  SADD22L8
  SOK22L8
  LOOPS3232B
  SADD22LB
  SOK22LB
  SADD22L16
  SOK22L16
  LOOPS3232C
  SADD22LC
  SOK22LC
  SADD22L24
  SOK22L24
  LOOPS3232D
  SADD22LD
  SOK22LD
  SOK22L
  L_Div_32x32_S6
  L_Div_32x32_S7
  L_Div_32x32_S8
  L_Div_32x32_S9
  FXD3232S
  END_ALL
  CA3232S
  C3232SX
  C3232SX1
  C3232S
  C3232S2
  C3232SX4
  C3232SOK
  C3232SX3
  C3232SX2
  avoid_comfrem
  LOOPU3232A
  UADD22LA
  UOK22LA
  UADD22L8
  UOK22L8
  LOOPU3232B
  UADD22LB
  UOK22LB
  UADD22L16
  UOK22L16
  LOOPU3232C
  UADD22LC
  UOK22LC
  UADD22L24
  UOK22L24
  LOOPU3232D
  UADD22LD
  UOK22LD
  UOK22L
  _NEXT
  _EXIT2
  _LOOP
  _EXIT1
  _IF_FIRST
  _IF_SECOND
  _INVERCE_FIRST
  _MULT
  _INBERSE_SECOND
  _EXIT
  L_end_Mul_8X8_U
  _Mul_8X8_U
  L_end_Mul_16X16_U
  _Mul_16X16_U
  L_end_Div_8X8_U
  _Div_8X8_U
  L_end_Div_16X16_U
  _Div_16X16_U
  L_end_Mul_8X8_S
  _Mul_8X8_S
  L_end_Mul_16X16_S
  _Mul_16X16_S
  L_end_Div_16x16_S_L
  _Div_16x16_S_L
  L_end_Div_16x16_S
  _Div_16x16_S
  L_end_Div_8X8_S
  _Div_8X8_S
  L_end_SDIV3232L
  _SDIV3232L
  L_end_COMFREM
  _COMFREM
  L_end_Div_32x32_S
  _Div_32x32_S
  L_end_Div_32x32_U
  _Div_32x32_U
  L_end_Mul_32x32_U
  _Mul_32x32_U
  L_end_Mul_32x32_S
  _Mul_32x32_S
  L_loopCA2AWs
  L_CA2AWend
  _CCA2AW_Loop1
  L_loopCS2Ss
  L_CS2Send
  _CCS2S_Loop1
  L_CCS2Send
  L_loopFZinSWs
  L_FZinSend
  _CC2D_Loop1
  L_end_____DoICP
  _____DoICP
  L_end_____DoIFC
  _____DoIFC
  L_end___CA2AW
  ___CA2AW
  L_end___CCA2AW
  ___CCA2AW
  L_end___CS2S
  ___CS2S
  L_end___CCS2S
  ___CCS2S
  L_end___FZinS
  ___FZinS
  L_end___CC2DW
  ___CC2DW
  L_end_Swap
  _Swap
  L_UART1_Init0
  L_UART1_Init1
  L_UART1_Read2
  L_UART1_Write3
  L_UART1_Write4
  L_UART1_Write_Text5
  L_UART1_Write_Text6
  L_UART1_Read_Text7
  L_UART1_Read_Text8
  L_UART1_Read_Text9
  L_UART1_Read_Text10
  L_UART1_Read_Text11
  L_UART1_Read_Text12
  L_UART1_Read_Text13
  L_UART1_Read_Text14
  L_UART1_Read_Text15
  L_end_UART1_Init
  _UART1_Init
  L_end_UART1_Data_Ready
  _UART1_Data_Ready
  L_end_UART1_Read
  _UART1_Read
  L_end_UART1_Tx_Idle
  _UART1_Tx_Idle
  L_end_UART1_Write
  _UART1_Write
  L_end_UART1_Write_Text
  _UART1_Write_Text
  L_end_UART1_Read_Text
  _UART1_Read_Text
